{"/home/travis/build/npmtest/node-npmtest-yeoman-generator/test.js":{"path":"/home/travis/build/npmtest/node-npmtest-yeoman-generator/test.js","s":{"1":2,"2":2,"3":2,"4":2,"5":2,"6":2,"7":2,"8":1,"9":2,"10":2,"11":1,"12":1,"13":1,"14":1,"15":2,"16":2,"17":2,"18":2,"19":1,"20":1,"21":2,"22":2,"23":2,"24":1,"25":1,"26":1,"27":1,"28":1,"29":1,"30":1,"31":1,"32":1,"33":1,"34":1,"35":1,"36":1,"37":1,"38":1,"39":2,"40":2,"41":1,"42":2,"43":2,"44":1,"45":2,"46":2,"47":1,"48":2,"49":2,"50":1,"51":1,"52":1,"53":1,"54":1},"b":{"1":[2,1,1,1],"2":[1,1,1,1],"3":[1,1],"4":[1,1],"5":[1,1],"6":[1,1],"7":[1,1],"8":[1,1],"9":[1,1],"10":[1,1,1],"11":[1,1],"12":[1,1],"13":[1,1],"14":[1,1],"15":[1,1],"16":[1,1],"17":[1,1]},"f":{"1":2,"2":2,"3":2,"4":2,"5":2,"6":1,"7":1,"8":1,"9":2,"10":2,"11":2,"12":2,"13":1},"fnMap":{"1":{"name":"(anonymous_1)","line":12,"loc":{"start":{"line":12,"column":1},"end":{"line":12,"column":13}}},"2":{"name":"(anonymous_2)","line":19,"loc":{"start":{"line":19,"column":5},"end":{"line":19,"column":17}}},"3":{"name":"(anonymous_3)","line":23,"loc":{"start":{"line":23,"column":24},"end":{"line":23,"column":36}}},"4":{"name":"(anonymous_4)","line":61,"loc":{"start":{"line":61,"column":5},"end":{"line":61,"column":17}}},"5":{"name":"(anonymous_5)","line":82,"loc":{"start":{"line":82,"column":5},"end":{"line":82,"column":17}}},"6":{"name":"(anonymous_6)","line":91,"loc":{"start":{"line":91,"column":77},"end":{"line":94,"column":10}}},"7":{"name":"(anonymous_7)","line":112,"loc":{"start":{"line":112,"column":83},"end":{"line":115,"column":10}},"skip":true},"8":{"name":"(anonymous_8)","line":123,"loc":{"start":{"line":123,"column":77},"end":{"line":126,"column":10}},"skip":true},"9":{"name":"(anonymous_9)","line":139,"loc":{"start":{"line":139,"column":12},"end":{"line":139,"column":40}},"skip":true},"10":{"name":"(anonymous_10)","line":147,"loc":{"start":{"line":147,"column":77},"end":{"line":150,"column":10}},"skip":true},"11":{"name":"(anonymous_11)","line":158,"loc":{"start":{"line":158,"column":83},"end":{"line":161,"column":10}},"skip":true},"12":{"name":"(anonymous_12)","line":169,"loc":{"start":{"line":169,"column":79},"end":{"line":172,"column":10}},"skip":true},"13":{"name":"(anonymous_13)","line":180,"loc":{"start":{"line":180,"column":75},"end":{"line":183,"column":10}},"skip":true}},"statementMap":{"1":{"start":{"line":12,"column":0},"end":{"line":195,"column":5}},"2":{"start":{"line":14,"column":4},"end":{"line":14,"column":14}},"3":{"start":{"line":19,"column":4},"end":{"line":56,"column":9}},"4":{"start":{"line":21,"column":8},"end":{"line":21,"column":19}},"5":{"start":{"line":23,"column":8},"end":{"line":35,"column":13}},"6":{"start":{"line":24,"column":12},"end":{"line":34,"column":13}},"7":{"start":{"line":25,"column":16},"end":{"line":28,"column":30}},"8":{"start":{"line":30,"column":16},"end":{"line":33,"column":27}},"9":{"start":{"line":37,"column":8},"end":{"line":39,"column":21}},"10":{"start":{"line":40,"column":8},"end":{"line":53,"column":9}},"11":{"start":{"line":43,"column":12},"end":{"line":46,"column":14}},"12":{"start":{"line":47,"column":12},"end":{"line":47,"column":18}},"13":{"start":{"line":50,"column":12},"end":{"line":51,"column":33}},"14":{"start":{"line":52,"column":12},"end":{"line":52,"column":18}},"15":{"start":{"line":55,"column":8},"end":{"line":55,"column":35}},"16":{"start":{"line":61,"column":4},"end":{"line":63,"column":9}},"17":{"start":{"line":62,"column":8},"end":{"line":62,"column":15}},"18":{"start":{"line":64,"column":4},"end":{"line":77,"column":5}},"19":{"start":{"line":70,"column":8},"end":{"line":70,"column":14}},"20":{"start":{"line":76,"column":8},"end":{"line":76,"column":14}},"21":{"start":{"line":82,"column":4},"end":{"line":84,"column":9}},"22":{"start":{"line":83,"column":8},"end":{"line":83,"column":15}},"23":{"start":{"line":85,"column":4},"end":{"line":194,"column":5}},"24":{"start":{"line":91,"column":8},"end":{"line":99,"column":10}},"25":{"start":{"line":98,"column":12},"end":{"line":98,"column":35}},"26":{"start":{"line":102,"column":8},"end":{"line":104,"column":63}},"27":{"start":{"line":105,"column":8},"end":{"line":105,"column":14}},"28":{"start":{"line":112,"column":8},"end":{"line":121,"column":10},"skip":true},"29":{"start":{"line":119,"column":12},"end":{"line":119,"column":55},"skip":true},"30":{"start":{"line":120,"column":12},"end":{"line":120,"column":48},"skip":true},"31":{"start":{"line":123,"column":8},"end":{"line":136,"column":10},"skip":true},"32":{"start":{"line":130,"column":12},"end":{"line":130,"column":76},"skip":true},"33":{"start":{"line":131,"column":12},"end":{"line":131,"column":73},"skip":true},"34":{"start":{"line":132,"column":12},"end":{"line":132,"column":74},"skip":true},"35":{"start":{"line":133,"column":12},"end":{"line":133,"column":79},"skip":true},"36":{"start":{"line":134,"column":12},"end":{"line":134,"column":25},"skip":true},"37":{"start":{"line":135,"column":12},"end":{"line":135,"column":45},"skip":true},"38":{"start":{"line":138,"column":8},"end":{"line":145,"column":14},"skip":true},"39":{"start":{"line":143,"column":16},"end":{"line":143,"column":29},"skip":true},"40":{"start":{"line":144,"column":16},"end":{"line":144,"column":55},"skip":true},"41":{"start":{"line":147,"column":8},"end":{"line":156,"column":10},"skip":true},"42":{"start":{"line":154,"column":12},"end":{"line":154,"column":25},"skip":true},"43":{"start":{"line":155,"column":12},"end":{"line":155,"column":45},"skip":true},"44":{"start":{"line":158,"column":8},"end":{"line":167,"column":10},"skip":true},"45":{"start":{"line":165,"column":12},"end":{"line":165,"column":25},"skip":true},"46":{"start":{"line":166,"column":12},"end":{"line":166,"column":48},"skip":true},"47":{"start":{"line":169,"column":8},"end":{"line":178,"column":10},"skip":true},"48":{"start":{"line":176,"column":12},"end":{"line":176,"column":25},"skip":true},"49":{"start":{"line":177,"column":12},"end":{"line":177,"column":46},"skip":true},"50":{"start":{"line":180,"column":8},"end":{"line":189,"column":10},"skip":true},"51":{"start":{"line":187,"column":12},"end":{"line":187,"column":94},"skip":true},"52":{"start":{"line":188,"column":12},"end":{"line":188,"column":48},"skip":true},"53":{"start":{"line":192,"column":8},"end":{"line":192,"column":35},"skip":true},"54":{"start":{"line":193,"column":8},"end":{"line":193,"column":14},"skip":true}},"branchMap":{"1":{"line":25,"type":"binary-expr","locations":[{"start":{"line":25,"column":23},"end":{"line":25,"column":62}},{"start":{"line":26,"column":20},"end":{"line":26,"column":70}},{"start":{"line":27,"column":20},"end":{"line":27,"column":71}},{"start":{"line":28,"column":20},"end":{"line":28,"column":29}}]},"2":{"line":30,"type":"binary-expr","locations":[{"start":{"line":30,"column":23},"end":{"line":30,"column":37}},{"start":{"line":31,"column":20},"end":{"line":31,"column":61}},{"start":{"line":32,"column":20},"end":{"line":32,"column":70}},{"start":{"line":33,"column":20},"end":{"line":33,"column":26}}]},"3":{"line":37,"type":"cond-expr","locations":[{"start":{"line":38,"column":14},"end":{"line":38,"column":20}},{"start":{"line":39,"column":14},"end":{"line":39,"column":20}}]},"4":{"line":40,"type":"switch","locations":[{"start":{"line":42,"column":8},"end":{"line":47,"column":18}},{"start":{"line":49,"column":8},"end":{"line":52,"column":18}}]},"5":{"line":44,"type":"binary-expr","locations":[{"start":{"line":44,"column":16},"end":{"line":44,"column":44}},{"start":{"line":44,"column":48},"end":{"line":44,"column":66}}]},"6":{"line":50,"type":"binary-expr","locations":[{"start":{"line":50,"column":21},"end":{"line":50,"column":49}},{"start":{"line":50,"column":53},"end":{"line":50,"column":72}}]},"7":{"line":64,"type":"switch","locations":[{"start":{"line":69,"column":4},"end":{"line":70,"column":14}},{"start":{"line":75,"column":4},"end":{"line":76,"column":14}}]},"8":{"line":85,"type":"switch","locations":[{"start":{"line":90,"column":4},"end":{"line":105,"column":14}},{"start":{"line":111,"column":4},"end":{"line":193,"column":14},"skip":true}]},"9":{"line":91,"type":"binary-expr","locations":[{"start":{"line":91,"column":42},"end":{"line":91,"column":73}},{"start":{"line":91,"column":77},"end":{"line":99,"column":9}}]},"10":{"line":102,"type":"binary-expr","locations":[{"start":{"line":102,"column":18},"end":{"line":102,"column":32}},{"start":{"line":103,"column":12},"end":{"line":103,"column":53}},{"start":{"line":104,"column":12},"end":{"line":104,"column":61}}]},"11":{"line":112,"type":"binary-expr","locations":[{"start":{"line":112,"column":45},"end":{"line":112,"column":79},"skip":true},{"start":{"line":112,"column":83},"end":{"line":121,"column":9},"skip":true}]},"12":{"line":123,"type":"binary-expr","locations":[{"start":{"line":123,"column":42},"end":{"line":123,"column":73},"skip":true},{"start":{"line":123,"column":77},"end":{"line":136,"column":9},"skip":true}]},"13":{"line":138,"type":"binary-expr","locations":[{"start":{"line":138,"column":48},"end":{"line":138,"column":85},"skip":true},{"start":{"line":139,"column":12},"end":{"line":145,"column":13},"skip":true}]},"14":{"line":147,"type":"binary-expr","locations":[{"start":{"line":147,"column":42},"end":{"line":147,"column":73},"skip":true},{"start":{"line":147,"column":77},"end":{"line":156,"column":9},"skip":true}]},"15":{"line":158,"type":"binary-expr","locations":[{"start":{"line":158,"column":45},"end":{"line":158,"column":79},"skip":true},{"start":{"line":158,"column":83},"end":{"line":167,"column":9},"skip":true}]},"16":{"line":169,"type":"binary-expr","locations":[{"start":{"line":169,"column":43},"end":{"line":169,"column":75},"skip":true},{"start":{"line":169,"column":79},"end":{"line":178,"column":9},"skip":true}]},"17":{"line":180,"type":"binary-expr","locations":[{"start":{"line":180,"column":41},"end":{"line":180,"column":71},"skip":true},{"start":{"line":180,"column":75},"end":{"line":189,"column":9},"skip":true}]}},"code":["/* istanbul instrument in package npmtest_yeoman_generator */","/*jslint","    bitwise: true,","    browser: true,","    maxerr: 8,","    maxlen: 96,","    node: true,","    nomen: true,","    regexp: true,","    stupid: true","*/","(function () {","    'use strict';","    var local;","","","","    // run shared js-env code - pre-init","    (function () {","        // init local","        local = {};","        // init modeJs","        local.modeJs = (function () {","            try {","                return typeof navigator.userAgent === 'string' &&","                    typeof document.querySelector('body') === 'object' &&","                    typeof XMLHttpRequest.prototype.open === 'function' &&","                    'browser';","            } catch (errorCaughtBrowser) {","                return module.exports &&","                    typeof process.versions.node === 'string' &&","                    typeof require('http').createServer === 'function' &&","                    'node';","            }","        }());","        // init global","        local.global = local.modeJs === 'browser'","            ? window","            : global;","        switch (local.modeJs) {","        // re-init local from window.local","        case 'browser':","            local = local.global.utility2.objectSetDefault(","                local.global.utility2_rollup || local.global.local,","                local.global.utility2","            );","            break;","        // re-init local from example.js","        case 'node':","            local = (local.global.utility2_rollup || require('utility2'))","                .requireReadme();","            break;","        }","        // export local","        local.global.local = local;","    }());","","","","    // run shared js-env code - function","    (function () {","        return;","    }());","    switch (local.modeJs) {","","","","    // run browser js-env code - function","    case 'browser':","        break;","","","","    // run node js-env code - function","    case 'node':","        break;","    }","","","","    // run shared js-env code - post-init","    (function () {","        return;","    }());","    switch (local.modeJs) {","","","","    // run browser js-env code - post-init","    case 'browser':","        local.testCase_browser_nullCase = local.testCase_browser_nullCase || function (","            options,","            onError","        ) {","        /*","         * this function will test browsers's null-case handling-behavior-behavior","         */","            onError(null, options);","        };","","        // run tests","        local.nop(local.modeTest &&","            document.querySelector('#testRunButton1') &&","            document.querySelector('#testRunButton1').click());","        break;","","","","    // run node js-env code - post-init","    /* istanbul ignore next */","    case 'node':","        local.testCase_buildApidoc_default = local.testCase_buildApidoc_default || function (","            options,","            onError","        ) {","        /*","         * this function will test buildApidoc's default handling-behavior-behavior","         */","            options = { modulePathList: module.paths };","            local.buildApidoc(options, onError);","        };","","        local.testCase_buildApp_default = local.testCase_buildApp_default || function (","            options,","            onError","        ) {","        /*","         * this function will test buildApp's default handling-behavior-behavior","         */","            local.testCase_buildReadme_default(options, local.onErrorThrow);","            local.testCase_buildLib_default(options, local.onErrorThrow);","            local.testCase_buildTest_default(options, local.onErrorThrow);","            local.testCase_buildCustomOrg_default(options, local.onErrorThrow);","            options = [];","            local.buildApp(options, onError);","        };","","        local.testCase_buildCustomOrg_default = local.testCase_buildCustomOrg_default ||","            function (options, onError) {","            /*","             * this function will test buildCustomOrg's default handling-behavior","             */","                options = {};","                local.buildCustomOrg(options, onError);","            };","","        local.testCase_buildLib_default = local.testCase_buildLib_default || function (","            options,","            onError","        ) {","        /*","         * this function will test buildLib's default handling-behavior","         */","            options = {};","            local.buildLib(options, onError);","        };","","        local.testCase_buildReadme_default = local.testCase_buildReadme_default || function (","            options,","            onError","        ) {","        /*","         * this function will test buildReadme's default handling-behavior-behavior","         */","            options = {};","            local.buildReadme(options, onError);","        };","","        local.testCase_buildTest_default = local.testCase_buildTest_default || function (","            options,","            onError","        ) {","        /*","         * this function will test buildTest's default handling-behavior","         */","            options = {};","            local.buildTest(options, onError);","        };","","        local.testCase_webpage_default = local.testCase_webpage_default || function (","            options,","            onError","        ) {","        /*","         * this function will test webpage's default handling-behavior","         */","            options = { modeCoverageMerge: true, url: local.serverLocalHost + '?modeTest=1' };","            local.browserTest(options, onError);","        };","","        // run test-server","        local.testRunServer(local);","        break;","    }","}());",""],"l":{"12":2,"14":2,"19":2,"21":2,"23":2,"24":2,"25":2,"30":1,"37":2,"40":2,"43":1,"47":1,"50":1,"52":1,"55":2,"61":2,"62":2,"64":2,"70":1,"76":1,"82":2,"83":2,"85":2,"91":1,"98":1,"102":1,"105":1,"112":1,"119":1,"120":1,"123":1,"130":1,"131":1,"132":1,"133":1,"134":1,"135":1,"138":1,"143":2,"144":2,"147":1,"154":2,"155":2,"158":1,"165":2,"166":2,"169":1,"176":2,"177":2,"180":1,"187":1,"188":1,"192":1,"193":1}},"/home/travis/build/npmtest/node-npmtest-yeoman-generator/lib.npmtest_yeoman_generator.js":{"path":"/home/travis/build/npmtest/node-npmtest-yeoman-generator/lib.npmtest_yeoman_generator.js","s":{"1":2,"2":2,"3":2,"4":2,"5":2,"6":2,"7":2,"8":1,"9":2,"10":2,"11":2,"12":2,"13":1,"14":1,"15":1,"16":1},"b":{"1":[2,1,1,1],"2":[1,1,1,1],"3":[1,1],"4":[2,2],"5":[1,1]},"f":{"1":2,"2":2,"3":2},"fnMap":{"1":{"name":"(anonymous_1)","line":12,"loc":{"start":{"line":12,"column":1},"end":{"line":12,"column":13}}},"2":{"name":"(anonymous_2)","line":19,"loc":{"start":{"line":19,"column":5},"end":{"line":19,"column":17}}},"3":{"name":"(anonymous_3)","line":23,"loc":{"start":{"line":23,"column":24},"end":{"line":23,"column":36}}}},"statementMap":{"1":{"start":{"line":12,"column":0},"end":{"line":53,"column":5}},"2":{"start":{"line":14,"column":4},"end":{"line":14,"column":14}},"3":{"start":{"line":19,"column":4},"end":{"line":52,"column":9}},"4":{"start":{"line":21,"column":8},"end":{"line":21,"column":19}},"5":{"start":{"line":23,"column":8},"end":{"line":35,"column":13}},"6":{"start":{"line":24,"column":12},"end":{"line":34,"column":13}},"7":{"start":{"line":25,"column":16},"end":{"line":28,"column":30}},"8":{"start":{"line":30,"column":16},"end":{"line":33,"column":27}},"9":{"start":{"line":37,"column":8},"end":{"line":39,"column":21}},"10":{"start":{"line":41,"column":8},"end":{"line":41,"column":54}},"11":{"start":{"line":43,"column":8},"end":{"line":43,"column":61}},"12":{"start":{"line":45,"column":8},"end":{"line":51,"column":9}},"13":{"start":{"line":46,"column":12},"end":{"line":46,"column":67}},"14":{"start":{"line":48,"column":12},"end":{"line":48,"column":35}},"15":{"start":{"line":49,"column":12},"end":{"line":49,"column":49}},"16":{"start":{"line":50,"column":12},"end":{"line":50,"column":43}}},"branchMap":{"1":{"line":25,"type":"binary-expr","locations":[{"start":{"line":25,"column":23},"end":{"line":25,"column":62}},{"start":{"line":26,"column":20},"end":{"line":26,"column":70}},{"start":{"line":27,"column":20},"end":{"line":27,"column":71}},{"start":{"line":28,"column":20},"end":{"line":28,"column":29}}]},"2":{"line":30,"type":"binary-expr","locations":[{"start":{"line":30,"column":23},"end":{"line":30,"column":37}},{"start":{"line":31,"column":20},"end":{"line":31,"column":61}},{"start":{"line":32,"column":20},"end":{"line":32,"column":70}},{"start":{"line":33,"column":20},"end":{"line":33,"column":26}}]},"3":{"line":37,"type":"cond-expr","locations":[{"start":{"line":38,"column":14},"end":{"line":38,"column":20}},{"start":{"line":39,"column":14},"end":{"line":39,"column":20}}]},"4":{"line":41,"type":"binary-expr","locations":[{"start":{"line":41,"column":16},"end":{"line":41,"column":44}},{"start":{"line":41,"column":48},"end":{"line":41,"column":53}}]},"5":{"line":45,"type":"if","locations":[{"start":{"line":45,"column":8},"end":{"line":45,"column":8}},{"start":{"line":45,"column":8},"end":{"line":45,"column":8}}]}},"code":["/* istanbul instrument in package npmtest_yeoman_generator */","/*jslint","    bitwise: true,","    browser: true,","    maxerr: 8,","    maxlen: 96,","    node: true,","    nomen: true,","    regexp: true,","    stupid: true","*/","(function () {","    'use strict';","    var local;","","","","    // run shared js-env code - pre-init","    (function () {","        // init local","        local = {};","        // init modeJs","        local.modeJs = (function () {","            try {","                return typeof navigator.userAgent === 'string' &&","                    typeof document.querySelector('body') === 'object' &&","                    typeof XMLHttpRequest.prototype.open === 'function' &&","                    'browser';","            } catch (errorCaughtBrowser) {","                return module.exports &&","                    typeof process.versions.node === 'string' &&","                    typeof require('http').createServer === 'function' &&","                    'node';","            }","        }());","        // init global","        local.global = local.modeJs === 'browser'","            ? window","            : global;","        // init utility2_rollup","        local = local.global.utility2_rollup || local;","        // init lib","        local.local = local.npmtest_yeoman_generator = local;","        // init exports","        if (local.modeJs === 'browser') {","            local.global.utility2_npmtest_yeoman_generator = local;","        } else {","            module.exports = local;","            module.exports.__dirname = __dirname;","            module.exports.module = module;","        }","    }());","}());",""],"l":{"12":2,"14":2,"19":2,"21":2,"23":2,"24":2,"25":2,"30":1,"37":2,"41":2,"43":2,"45":2,"46":1,"48":1,"49":1,"50":1}},"/home/travis/build/npmtest/node-npmtest-yeoman-generator/example.js":{"path":"/home/travis/build/npmtest/node-npmtest-yeoman-generator/example.js","s":{"1":2,"2":2,"3":2,"4":2,"5":2,"6":2,"7":2,"8":1,"9":2,"10":2,"11":2,"12":2,"13":1,"14":2,"15":2,"16":2,"17":2,"18":2,"19":0,"20":2,"21":1,"22":1,"23":1,"24":1,"25":1,"26":0,"27":0,"28":1,"29":1,"30":2,"31":0,"32":0,"33":0,"34":1,"35":2,"36":2,"37":3,"38":3,"39":3,"40":3,"41":0,"42":3,"43":3,"44":3,"45":1,"46":3,"47":1,"48":1,"49":1,"50":1,"51":1,"52":1,"53":1,"54":1,"55":1,"56":1,"57":0,"58":1,"59":6,"60":6,"61":1,"62":2,"63":0,"64":2,"65":1,"66":1,"67":0,"68":0,"69":0,"70":0,"71":0,"72":0,"73":0,"74":0,"75":0,"76":0,"77":0,"78":0,"79":0,"80":0,"81":0,"82":0,"83":0},"b":{"1":[2,1,1,1],"2":[1,1,1,1],"3":[1,1],"4":[2,2],"5":[1,1],"6":[1,1],"7":[2,0],"8":[2,1,1,1,1,1],"9":[0,2,0],"10":[1,1],"11":[2,1,1],"12":[1,0],"13":[0,2],"14":[2,0,0,0,0,0,0],"15":[0,3],"16":[3,0],"17":[1,1],"18":[0,1],"19":[1,2,0,2],"20":[1,0],"21":[1,1],"22":[0,0],"23":[0,0],"24":[0,0],"25":[0,0],"26":[0,0],"27":[0,0],"28":[0,0]},"f":{"1":2,"2":2,"3":2,"4":2,"5":2,"6":2,"7":3,"8":3,"9":3,"10":1,"11":6,"12":0},"fnMap":{"1":{"name":"(anonymous_1)","line":26,"loc":{"start":{"line":26,"column":1},"end":{"line":26,"column":13}}},"2":{"name":"(anonymous_2)","line":33,"loc":{"start":{"line":33,"column":5},"end":{"line":33,"column":17}}},"3":{"name":"(anonymous_3)","line":37,"loc":{"start":{"line":37,"column":24},"end":{"line":37,"column":36}}},"4":{"name":"(anonymous_4)","line":69,"loc":{"start":{"line":69,"column":31},"end":{"line":69,"column":48}},"skip":true},"5":{"name":"(anonymous_5)","line":78,"loc":{"start":{"line":78,"column":26},"end":{"line":78,"column":45}},"skip":true},"6":{"name":"(anonymous_6)","line":123,"loc":{"start":{"line":123,"column":33},"end":{"line":123,"column":48}},"skip":true},"7":{"name":"(anonymous_7)","line":125,"loc":{"start":{"line":125,"column":27},"end":{"line":125,"column":39}},"skip":true},"8":{"name":"(anonymous_8)","line":133,"loc":{"start":{"line":133,"column":59},"end":{"line":133,"column":74}},"skip":true},"9":{"name":"(anonymous_9)","line":143,"loc":{"start":{"line":143,"column":45},"end":{"line":143,"column":62}},"skip":true},"10":{"name":"(anonymous_10)","line":144,"loc":{"start":{"line":144,"column":73},"end":{"line":144,"column":92}},"skip":true},"11":{"name":"(anonymous_11)","line":272,"loc":{"start":{"line":272,"column":51},"end":{"line":272,"column":77}},"skip":true},"12":{"name":"(anonymous_12)","line":315,"loc":{"start":{"line":315,"column":32},"end":{"line":315,"column":61}},"skip":true}},"statementMap":{"1":{"start":{"line":26,"column":0},"end":{"line":326,"column":5}},"2":{"start":{"line":28,"column":4},"end":{"line":28,"column":14}},"3":{"start":{"line":33,"column":4},"end":{"line":60,"column":9}},"4":{"start":{"line":35,"column":8},"end":{"line":35,"column":19}},"5":{"start":{"line":37,"column":8},"end":{"line":49,"column":13}},"6":{"start":{"line":38,"column":12},"end":{"line":48,"column":13}},"7":{"start":{"line":39,"column":16},"end":{"line":42,"column":30}},"8":{"start":{"line":44,"column":16},"end":{"line":47,"column":27}},"9":{"start":{"line":51,"column":8},"end":{"line":53,"column":21}},"10":{"start":{"line":55,"column":8},"end":{"line":57,"column":45}},"11":{"start":{"line":59,"column":8},"end":{"line":59,"column":35}},"12":{"start":{"line":61,"column":4},"end":{"line":325,"column":5}},"13":{"start":{"line":69,"column":8},"end":{"line":121,"column":10},"skip":true},"14":{"start":{"line":70,"column":12},"end":{"line":88,"column":13},"skip":true},"15":{"start":{"line":76,"column":16},"end":{"line":87,"column":19},"skip":true},"16":{"start":{"line":79,"column":20},"end":{"line":86,"column":21},"skip":true},"17":{"start":{"line":82,"column":24},"end":{"line":82,"column":43},"skip":true},"18":{"start":{"line":83,"column":24},"end":{"line":83,"column":30},"skip":true},"19":{"start":{"line":85,"column":24},"end":{"line":85,"column":49},"skip":true},"20":{"start":{"line":89,"column":12},"end":{"line":107,"column":13},"skip":true},"21":{"start":{"line":92,"column":16},"end":{"line":102,"column":17},"skip":true},"22":{"start":{"line":93,"column":20},"end":{"line":93,"column":86},"skip":true},"23":{"start":{"line":94,"column":20},"end":{"line":95,"column":45},"skip":true},"24":{"start":{"line":96,"column":20},"end":{"line":96,"column":42},"skip":true},"25":{"start":{"line":97,"column":20},"end":{"line":97,"column":48},"skip":true},"26":{"start":{"line":100,"column":20},"end":{"line":100,"column":85},"skip":true},"27":{"start":{"line":101,"column":20},"end":{"line":101,"column":96},"skip":true},"28":{"start":{"line":103,"column":16},"end":{"line":103,"column":22},"skip":true},"29":{"start":{"line":106,"column":16},"end":{"line":106,"column":22},"skip":true},"30":{"start":{"line":108,"column":12},"end":{"line":120,"column":13},"skip":true},"31":{"start":{"line":114,"column":16},"end":{"line":119,"column":17},"skip":true},"32":{"start":{"line":116,"column":20},"end":{"line":116,"column":78},"skip":true},"33":{"start":{"line":118,"column":20},"end":{"line":118,"column":47},"skip":true},"34":{"start":{"line":123,"column":8},"end":{"line":141,"column":11},"skip":true},"35":{"start":{"line":124,"column":12},"end":{"line":124,"column":54},"skip":true},"36":{"start":{"line":125,"column":12},"end":{"line":140,"column":14},"skip":true},"37":{"start":{"line":126,"column":16},"end":{"line":126,"column":28},"skip":true},"38":{"start":{"line":127,"column":16},"end":{"line":127,"column":69},"skip":true},"39":{"start":{"line":128,"column":16},"end":{"line":128,"column":75},"skip":true},"40":{"start":{"line":129,"column":16},"end":{"line":131,"column":17},"skip":true},"41":{"start":{"line":130,"column":20},"end":{"line":130,"column":27},"skip":true},"42":{"start":{"line":133,"column":16},"end":{"line":137,"column":36},"skip":true},"43":{"start":{"line":134,"column":20},"end":{"line":136,"column":55},"skip":true},"44":{"start":{"line":139,"column":16},"end":{"line":139,"column":57},"skip":true},"45":{"start":{"line":143,"column":8},"end":{"line":147,"column":11},"skip":true},"46":{"start":{"line":144,"column":12},"end":{"line":146,"column":15},"skip":true},"47":{"start":{"line":145,"column":16},"end":{"line":145,"column":70},"skip":true},"48":{"start":{"line":149,"column":8},"end":{"line":149,"column":31},"skip":true},"49":{"start":{"line":150,"column":8},"end":{"line":150,"column":14},"skip":true},"50":{"start":{"line":158,"column":8},"end":{"line":158,"column":31},"skip":true},"51":{"start":{"line":160,"column":8},"end":{"line":160,"column":33},"skip":true},"52":{"start":{"line":161,"column":8},"end":{"line":161,"column":37},"skip":true},"53":{"start":{"line":162,"column":8},"end":{"line":162,"column":35},"skip":true},"54":{"start":{"line":164,"column":8},"end":{"line":164,"column":50},"skip":true},"55":{"start":{"line":166,"column":8},"end":{"line":256,"column":2},"skip":true},"56":{"start":{"line":258,"column":8},"end":{"line":286,"column":9},"skip":true},"57":{"start":{"line":259,"column":12},"end":{"line":269,"column":14},"skip":true},"58":{"start":{"line":271,"column":12},"end":{"line":285,"column":19},"skip":true},"59":{"start":{"line":274,"column":20},"end":{"line":274,"column":35},"skip":true},"60":{"start":{"line":275,"column":20},"end":{"line":284,"column":21},"skip":true},"61":{"start":{"line":277,"column":24},"end":{"line":277,"column":64},"skip":true},"62":{"start":{"line":279,"column":24},"end":{"line":279,"column":40},"skip":true},"63":{"start":{"line":281,"column":24},"end":{"line":281,"column":40},"skip":true},"64":{"start":{"line":283,"column":24},"end":{"line":283,"column":39},"skip":true},"65":{"start":{"line":288,"column":8},"end":{"line":290,"column":9},"skip":true},"66":{"start":{"line":289,"column":12},"end":{"line":289,"column":18},"skip":true},"67":{"start":{"line":291,"column":8},"end":{"line":293,"column":54},"skip":true},"68":{"start":{"line":296,"column":8},"end":{"line":301,"column":37},"skip":true},"69":{"start":{"line":303,"column":8},"end":{"line":303,"column":82},"skip":true},"70":{"start":{"line":306,"column":8},"end":{"line":308,"column":9},"skip":true},"71":{"start":{"line":307,"column":12},"end":{"line":307,"column":82},"skip":true},"72":{"start":{"line":310,"column":8},"end":{"line":312,"column":9},"skip":true},"73":{"start":{"line":311,"column":12},"end":{"line":311,"column":18},"skip":true},"74":{"start":{"line":313,"column":8},"end":{"line":313,"column":54},"skip":true},"75":{"start":{"line":314,"column":8},"end":{"line":314,"column":69},"skip":true},"76":{"start":{"line":315,"column":8},"end":{"line":323,"column":36},"skip":true},"77":{"start":{"line":316,"column":12},"end":{"line":316,"column":61},"skip":true},"78":{"start":{"line":317,"column":12},"end":{"line":320,"column":13},"skip":true},"79":{"start":{"line":318,"column":16},"end":{"line":318,"column":75},"skip":true},"80":{"start":{"line":319,"column":16},"end":{"line":319,"column":23},"skip":true},"81":{"start":{"line":321,"column":12},"end":{"line":321,"column":38},"skip":true},"82":{"start":{"line":322,"column":12},"end":{"line":322,"column":27},"skip":true},"83":{"start":{"line":324,"column":8},"end":{"line":324,"column":14},"skip":true}},"branchMap":{"1":{"line":39,"type":"binary-expr","locations":[{"start":{"line":39,"column":23},"end":{"line":39,"column":62}},{"start":{"line":40,"column":20},"end":{"line":40,"column":70}},{"start":{"line":41,"column":20},"end":{"line":41,"column":71}},{"start":{"line":42,"column":20},"end":{"line":42,"column":29}}]},"2":{"line":44,"type":"binary-expr","locations":[{"start":{"line":44,"column":23},"end":{"line":44,"column":37}},{"start":{"line":45,"column":20},"end":{"line":45,"column":61}},{"start":{"line":46,"column":20},"end":{"line":46,"column":70}},{"start":{"line":47,"column":20},"end":{"line":47,"column":26}}]},"3":{"line":51,"type":"cond-expr","locations":[{"start":{"line":52,"column":14},"end":{"line":52,"column":20}},{"start":{"line":53,"column":14},"end":{"line":53,"column":20}}]},"4":{"line":55,"type":"binary-expr","locations":[{"start":{"line":55,"column":16},"end":{"line":55,"column":44}},{"start":{"line":55,"column":49},"end":{"line":57,"column":43}}]},"5":{"line":55,"type":"cond-expr","locations":[{"start":{"line":56,"column":14},"end":{"line":56,"column":60}},{"start":{"line":57,"column":14},"end":{"line":57,"column":43}}]},"6":{"line":61,"type":"switch","locations":[{"start":{"line":68,"column":4},"end":{"line":150,"column":14},"skip":true},{"start":{"line":156,"column":4},"end":{"line":324,"column":14},"skip":true}]},"7":{"line":70,"type":"if","locations":[{"start":{"line":70,"column":12},"end":{"line":70,"column":12},"skip":true},{"start":{"line":70,"column":12},"end":{"line":70,"column":12},"skip":true}]},"8":{"line":70,"type":"binary-expr","locations":[{"start":{"line":70,"column":16},"end":{"line":70,"column":22},"skip":true},{"start":{"line":70,"column":27},"end":{"line":70,"column":32},"skip":true},{"start":{"line":71,"column":20},"end":{"line":71,"column":39},"skip":true},{"start":{"line":72,"column":20},"end":{"line":72,"column":49},"skip":true},{"start":{"line":73,"column":20},"end":{"line":73,"column":58},"skip":true},{"start":{"line":74,"column":20},"end":{"line":74,"column":69},"skip":true}]},"9":{"line":79,"type":"switch","locations":[{"start":{"line":80,"column":20},"end":{"line":80,"column":33},"skip":true},{"start":{"line":81,"column":20},"end":{"line":83,"column":30},"skip":true},{"start":{"line":84,"column":20},"end":{"line":85,"column":49},"skip":true}]},"10":{"line":89,"type":"switch","locations":[{"start":{"line":90,"column":12},"end":{"line":103,"column":22},"skip":true},{"start":{"line":105,"column":12},"end":{"line":106,"column":22},"skip":true}]},"11":{"line":89,"type":"binary-expr","locations":[{"start":{"line":89,"column":20},"end":{"line":89,"column":25},"skip":true},{"start":{"line":89,"column":29},"end":{"line":89,"column":48},"skip":true},{"start":{"line":89,"column":52},"end":{"line":89,"column":74},"skip":true}]},"12":{"line":92,"type":"if","locations":[{"start":{"line":92,"column":16},"end":{"line":92,"column":16},"skip":true},{"start":{"line":92,"column":16},"end":{"line":92,"column":16},"skip":true}]},"13":{"line":108,"type":"if","locations":[{"start":{"line":108,"column":12},"end":{"line":108,"column":12},"skip":true},{"start":{"line":108,"column":12},"end":{"line":108,"column":12},"skip":true}]},"14":{"line":108,"type":"binary-expr","locations":[{"start":{"line":108,"column":16},"end":{"line":108,"column":61},"skip":true},{"start":{"line":108,"column":66},"end":{"line":108,"column":72},"skip":true},{"start":{"line":108,"column":77},"end":{"line":108,"column":82},"skip":true},{"start":{"line":109,"column":20},"end":{"line":109,"column":39},"skip":true},{"start":{"line":110,"column":20},"end":{"line":110,"column":49},"skip":true},{"start":{"line":111,"column":20},"end":{"line":111,"column":58},"skip":true},{"start":{"line":112,"column":20},"end":{"line":112,"column":68},"skip":true}]},"15":{"line":129,"type":"if","locations":[{"start":{"line":129,"column":16},"end":{"line":129,"column":16},"skip":true},{"start":{"line":129,"column":16},"end":{"line":129,"column":16},"skip":true}]},"16":{"line":134,"type":"cond-expr","locations":[{"start":{"line":135,"column":26},"end":{"line":135,"column":29},"skip":true},{"start":{"line":136,"column":26},"end":{"line":136,"column":54},"skip":true}]},"17":{"line":164,"type":"binary-expr","locations":[{"start":{"line":164,"column":27},"end":{"line":164,"column":43},"skip":true},{"start":{"line":164,"column":47},"end":{"line":164,"column":49},"skip":true}]},"18":{"line":258,"type":"if","locations":[{"start":{"line":258,"column":8},"end":{"line":258,"column":8},"skip":true},{"start":{"line":258,"column":8},"end":{"line":258,"column":8},"skip":true}]},"19":{"line":275,"type":"switch","locations":[{"start":{"line":276,"column":20},"end":{"line":277,"column":64},"skip":true},{"start":{"line":278,"column":20},"end":{"line":279,"column":40},"skip":true},{"start":{"line":280,"column":20},"end":{"line":281,"column":40},"skip":true},{"start":{"line":282,"column":20},"end":{"line":283,"column":39},"skip":true}]},"20":{"line":288,"type":"if","locations":[{"start":{"line":288,"column":8},"end":{"line":288,"column":8},"skip":true},{"start":{"line":288,"column":8},"end":{"line":288,"column":8},"skip":true}]},"21":{"line":288,"type":"binary-expr","locations":[{"start":{"line":288,"column":12},"end":{"line":288,"column":40},"skip":true},{"start":{"line":288,"column":44},"end":{"line":288,"column":67},"skip":true}]},"22":{"line":292,"type":"binary-expr","locations":[{"start":{"line":292,"column":12},"end":{"line":292,"column":50},"skip":true},{"start":{"line":293,"column":12},"end":{"line":293,"column":53},"skip":true}]},"23":{"line":297,"type":"binary-expr","locations":[{"start":{"line":297,"column":12},"end":{"line":297,"column":74},"skip":true},{"start":{"line":298,"column":12},"end":{"line":301,"column":36},"skip":true}]},"24":{"line":303,"type":"binary-expr","locations":[{"start":{"line":303,"column":43},"end":{"line":303,"column":75},"skip":true},{"start":{"line":303,"column":79},"end":{"line":303,"column":81},"skip":true}]},"25":{"line":306,"type":"if","locations":[{"start":{"line":306,"column":8},"end":{"line":306,"column":8},"skip":true},{"start":{"line":306,"column":8},"end":{"line":306,"column":8},"skip":true}]},"26":{"line":310,"type":"if","locations":[{"start":{"line":310,"column":8},"end":{"line":310,"column":8},"skip":true},{"start":{"line":310,"column":8},"end":{"line":310,"column":8},"skip":true}]},"27":{"line":313,"type":"binary-expr","locations":[{"start":{"line":313,"column":27},"end":{"line":313,"column":43},"skip":true},{"start":{"line":313,"column":47},"end":{"line":313,"column":53},"skip":true}]},"28":{"line":317,"type":"if","locations":[{"start":{"line":317,"column":12},"end":{"line":317,"column":12},"skip":true},{"start":{"line":317,"column":12},"end":{"line":317,"column":12},"skip":true}]}},"code":["/*","example.js","","quickstart example","","instruction","    1. save this script as example.js","    2. run the shell command:","        $ npm install npmtest-yeoman-generator && PORT=8081 node example.js","    3. play with the browser-demo on http://127.0.0.1:8081","*/","","","","/* istanbul instrument in package npmtest_yeoman_generator */","/*jslint","    bitwise: true,","    browser: true,","    maxerr: 8,","    maxlen: 96,","    node: true,","    nomen: true,","    regexp: true,","    stupid: true","*/","(function () {","    'use strict';","    var local;","","","","    // run shared js-env code - pre-init","    (function () {","        // init local","        local = {};","        // init modeJs","        local.modeJs = (function () {","            try {","                return typeof navigator.userAgent === 'string' &&","                    typeof document.querySelector('body') === 'object' &&","                    typeof XMLHttpRequest.prototype.open === 'function' &&","                    'browser';","            } catch (errorCaughtBrowser) {","                return module.exports &&","                    typeof process.versions.node === 'string' &&","                    typeof require('http').createServer === 'function' &&","                    'node';","            }","        }());","        // init global","        local.global = local.modeJs === 'browser'","            ? window","            : global;","        // init utility2_rollup","        local = local.global.utility2_rollup || (local.modeJs === 'browser'","            ? local.global.utility2_npmtest_yeoman_generator","            : global.utility2_moduleExports);","        // export local","        local.global.local = local;","    }());","    switch (local.modeJs) {","","","","    // post-init","    // run browser js-env code - post-init","    /* istanbul ignore next */","    case 'browser':","        local.testRunBrowser = function (event) {","            if (!event || (event &&","                    event.currentTarget &&","                    event.currentTarget.className &&","                    event.currentTarget.className.includes &&","                    event.currentTarget.className.includes('onreset'))) {","                // reset output","                Array.from(","                    document.querySelectorAll('body > .resettable')","                ).forEach(function (element) {","                    switch (element.tagName) {","                    case 'INPUT':","                    case 'TEXTAREA':","                        element.value = '';","                        break;","                    default:","                        element.textContent = '';","                    }","                });","            }","            switch (event && event.currentTarget && event.currentTarget.id) {","            case 'testRunButton1':","                // show tests","                if (document.querySelector('#testReportDiv1').style.display === 'none') {","                    document.querySelector('#testReportDiv1').style.display = 'block';","                    document.querySelector('#testRunButton1').textContent =","                        'hide internal test';","                    local.modeTest = true;","                    local.testRunDefault(local);","                // hide tests","                } else {","                    document.querySelector('#testReportDiv1').style.display = 'none';","                    document.querySelector('#testRunButton1').textContent = 'run internal test';","                }","                break;","            // custom-case","            default:","                break;","            }","            if (document.querySelector('#inputTextareaEval1') && (!event || (event &&","                    event.currentTarget &&","                    event.currentTarget.className &&","                    event.currentTarget.className.includes &&","                    event.currentTarget.className.includes('oneval')))) {","                // try to eval input-code","                try {","                    /*jslint evil: true*/","                    eval(document.querySelector('#inputTextareaEval1').value);","                } catch (errorCaught) {","                    console.error(errorCaught);","                }","            }","        };","        // log stderr and stdout to #outputTextareaStdout1","        ['error', 'log'].forEach(function (key) {","            console[key + '_original'] = console[key];","            console[key] = function () {","                var element;","                console[key + '_original'].apply(console, arguments);","                element = document.querySelector('#outputTextareaStdout1');","                if (!element) {","                    return;","                }","                // append text to #outputTextareaStdout1","                element.value += Array.from(arguments).map(function (arg) {","                    return typeof arg === 'string'","                        ? arg","                        : JSON.stringify(arg, null, 4);","                }).join(' ') + '\\n';","                // scroll textarea to bottom","                element.scrollTop = element.scrollHeight;","            };","        });","        // init event-handling","        ['change', 'click', 'keyup'].forEach(function (event) {","            Array.from(document.querySelectorAll('.on' + event)).forEach(function (element) {","                element.addEventListener(event, local.testRunBrowser);","            });","        });","        // run tests","        local.testRunBrowser();","        break;","","","","    // run node js-env code - post-init","    /* istanbul ignore next */","    case 'node':","        // export local","        module.exports = local;","        // require modules","        local.fs = require('fs');","        local.http = require('http');","        local.url = require('url');","        // init assets","        local.assetsDict = local.assetsDict || {};","        /* jslint-ignore-begin */","        local.assetsDict['/assets.index.template.html'] = '\\","<!doctype html>\\n\\","<html lang=\"en\">\\n\\","<head>\\n\\","<meta charset=\"UTF-8\">\\n\\","<meta name=\"viewport\" content=\"width=device-width, initial-scale=1\">\\n\\","<title>{{env.npm_package_name}} (v{{env.npm_package_version}})</title>\\n\\","<style>\\n\\","/*csslint\\n\\","    box-sizing: false,\\n\\","    universal-selector: false\\n\\","*/\\n\\","* {\\n\\","    box-sizing: border-box;\\n\\","}\\n\\","body {\\n\\","    background: #dde;\\n\\","    font-family: Arial, Helvetica, sans-serif;\\n\\","    margin: 2rem;\\n\\","}\\n\\","body > * {\\n\\","    margin-bottom: 1rem;\\n\\","}\\n\\",".utility2FooterDiv {\\n\\","    margin-top: 20px;\\n\\","    text-align: center;\\n\\","}\\n\\","</style>\\n\\","<style>\\n\\","/*csslint\\n\\","*/\\n\\","textarea {\\n\\","    font-family: monospace;\\n\\","    height: 10rem;\\n\\","    width: 100%;\\n\\","}\\n\\","textarea[readonly] {\\n\\","    background: #ddd;\\n\\","}\\n\\","</style>\\n\\","</head>\\n\\","<body>\\n\\","<!-- utility2-comment\\n\\","<div id=\"ajaxProgressDiv1\" style=\"background: #d00; height: 2px; left: 0; margin: 0; padding: 0; position: fixed; top: 0; transition: background 0.5s, width 1.5s; width: 25%;\"></div>\\n\\","utility2-comment -->\\n\\","<h1>\\n\\","<!-- utility2-comment\\n\\","    <a\\n\\","        {{#if env.npm_package_homepage}}\\n\\","        href=\"{{env.npm_package_homepage}}\"\\n\\","        {{/if env.npm_package_homepage}}\\n\\","        target=\"_blank\"\\n\\","    >\\n\\","utility2-comment -->\\n\\","        {{env.npm_package_name}} (v{{env.npm_package_version}})\\n\\","<!-- utility2-comment\\n\\","    </a>\\n\\","utility2-comment -->\\n\\","</h1>\\n\\","<h3>{{env.npm_package_description}}</h3>\\n\\","<!-- utility2-comment\\n\\","<h4><a download href=\"assets.app.js\">download standalone app</a></h4>\\n\\","<button class=\"onclick onreset\" id=\"testRunButton1\">run internal test</button><br>\\n\\","<div id=\"testReportDiv1\" style=\"display: none;\"></div>\\n\\","utility2-comment -->\\n\\","\\n\\","\\n\\","\\n\\","<label>stderr and stdout</label>\\n\\","<textarea class=\"resettable\" id=\"outputTextareaStdout1\" readonly></textarea>\\n\\","<!-- utility2-comment\\n\\","{{#if isRollup}}\\n\\","<script src=\"assets.app.js\"></script>\\n\\","{{#unless isRollup}}\\n\\","utility2-comment -->\\n\\","<script src=\"assets.utility2.rollup.js\"></script>\\n\\","<script src=\"jsonp.utility2._stateInit?callback=window.utility2._stateInit\"></script>\\n\\","<script src=\"assets.npmtest_yeoman_generator.rollup.js\"></script>\\n\\","<script src=\"assets.example.js\"></script>\\n\\","<script src=\"assets.test.js\"></script>\\n\\","<!-- utility2-comment\\n\\","{{/if isRollup}}\\n\\","utility2-comment -->\\n\\","<div class=\"utility2FooterDiv\">\\n\\","    [ this app was created with\\n\\","    <a href=\"https://github.com/kaizhu256/node-utility2\" target=\"_blank\">utility2</a>\\n\\","    ]\\n\\","</div>\\n\\","</body>\\n\\","</html>\\n\\","';","        /* jslint-ignore-end */","        if (local.templateRender) {","            local.assetsDict['/'] = local.templateRender(","                local.assetsDict['/assets.index.template.html'],","                {","                    env: local.objectSetDefault(local.env, {","                        npm_package_description: 'the greatest app in the world!',","                        npm_package_name: 'my-app',","                        npm_package_nameAlias: 'my_app',","                        npm_package_version: '0.0.1'","                    })","                }","            );","        } else {","            local.assetsDict['/'] = local.assetsDict['/assets.index.template.html']","                .replace((/\\{\\{env\\.(\\w+?)\\}\\}/g), function (match0, match1) {","                    // jslint-hack","                    String(match0);","                    switch (match1) {","                    case 'npm_package_description':","                        return 'the greatest app in the world!';","                    case 'npm_package_name':","                        return 'my-app';","                    case 'npm_package_nameAlias':","                        return 'my_app';","                    case 'npm_package_version':","                        return '0.0.1';","                    }","                });","        }","        // run the cli","        if (local.global.utility2_rollup || module !== require.main) {","            break;","        }","        local.assetsDict['/assets.example.js'] =","            local.assetsDict['/assets.example.js'] ||","            local.fs.readFileSync(__filename, 'utf8');","        // bug-workaround - long $npm_package_buildCustomOrg","        /* jslint-ignore-begin */","        local.assetsDict['/assets.npmtest_yeoman_generator.rollup.js'] =","            local.assetsDict['/assets.npmtest_yeoman_generator.rollup.js'] ||","            local.fs.readFileSync(","                local.npmtest_yeoman_generator.__dirname + '/lib.npmtest_yeoman_generator.js',","                'utf8'","            ).replace((/^#!/), '//');","        /* jslint-ignore-end */","        local.assetsDict['/favicon.ico'] = local.assetsDict['/favicon.ico'] || '';","        // if $npm_config_timeout_exit exists,","        // then exit this process after $npm_config_timeout_exit ms","        if (Number(process.env.npm_config_timeout_exit)) {","            setTimeout(process.exit, Number(process.env.npm_config_timeout_exit));","        }","        // start server","        if (local.global.utility2_serverHttp1) {","            break;","        }","        process.env.PORT = process.env.PORT || '8081';","        console.error('server starting on port ' + process.env.PORT);","        local.http.createServer(function (request, response) {","            request.urlParsed = local.url.parse(request.url);","            if (local.assetsDict[request.urlParsed.pathname] !== undefined) {","                response.end(local.assetsDict[request.urlParsed.pathname]);","                return;","            }","            response.statusCode = 404;","            response.end();","        }).listen(process.env.PORT);","        break;","    }","}());",""],"l":{"26":2,"28":2,"33":2,"35":2,"37":2,"38":2,"39":2,"44":1,"51":2,"55":2,"59":2,"61":2,"69":1,"70":2,"76":2,"79":2,"82":2,"83":2,"85":1,"89":2,"92":1,"93":1,"94":1,"96":1,"97":1,"100":1,"101":1,"103":1,"106":1,"108":2,"114":1,"116":1,"118":1,"123":1,"124":2,"125":2,"126":3,"127":3,"128":3,"129":3,"130":1,"133":3,"134":3,"139":3,"143":1,"144":3,"145":1,"149":1,"150":1,"158":1,"160":1,"161":1,"162":1,"164":1,"166":1,"258":1,"259":1,"271":1,"274":6,"275":6,"277":1,"279":2,"281":1,"283":2,"288":1,"289":1,"291":1,"296":1,"303":1,"306":1,"307":1,"310":1,"311":1,"313":1,"314":1,"315":1,"316":1,"317":1,"318":1,"319":1,"321":1,"322":1,"324":1}},"/home/travis/build/npmtest/node-npmtest-yeoman-generator/node_modules/yeoman-generator/lib/index.js":{"path":"/home/travis/build/npmtest/node-npmtest-yeoman-generator/node_modules/yeoman-generator/lib/index.js","s":{"1":1,"2":1,"3":1,"4":1,"5":1,"6":1,"7":1,"8":1,"9":1,"10":1,"11":1,"12":1,"13":1,"14":1,"15":1,"16":1,"17":1,"18":1,"19":1,"20":1,"21":1,"22":1,"23":0,"24":0,"25":0,"26":0,"27":0,"28":0,"29":0,"30":0,"31":0,"32":0,"33":0,"34":0,"35":0,"36":0,"37":0,"38":0,"39":0,"40":0,"41":0,"42":0,"43":0,"44":0,"45":0,"46":0,"47":0,"48":0,"49":0,"50":0,"51":0,"52":0,"53":0,"54":0,"55":0,"56":0,"57":0,"58":1,"59":1,"60":1,"61":1,"62":1,"63":1,"64":0,"65":0,"66":0,"67":0,"68":0,"69":0,"70":0,"71":1,"72":0,"73":0,"74":0,"75":0,"76":0,"77":0,"78":0,"79":0,"80":0,"81":0,"82":0,"83":0,"84":0,"85":1,"86":0,"87":0,"88":0,"89":0,"90":0,"91":0,"92":0,"93":0,"94":1,"95":0,"96":0,"97":0,"98":0,"99":0,"100":0,"101":0,"102":0,"103":0,"104":0,"105":0,"106":0,"107":0,"108":0,"109":0,"110":0,"111":0,"112":0,"113":0,"114":0,"115":0,"116":0,"117":0,"118":0,"119":0,"120":0,"121":0,"122":0,"123":0,"124":0,"125":0,"126":0,"127":0,"128":0,"129":0,"130":0,"131":0,"132":1,"133":0,"134":0,"135":0,"136":0,"137":0,"138":0,"139":0,"140":1,"141":0,"142":0,"143":0,"144":0,"145":0,"146":0,"147":0,"148":0,"149":0,"150":0,"151":1,"152":0,"153":1,"154":0,"155":0,"156":0,"157":0,"158":0,"159":0,"160":0,"161":0,"162":0,"163":0,"164":0,"165":0,"166":0,"167":1,"168":0,"169":0,"170":0,"171":0,"172":0,"173":0,"174":0,"175":0,"176":0,"177":0,"178":0,"179":0,"180":0,"181":0,"182":0,"183":0,"184":0,"185":0,"186":0,"187":0,"188":0,"189":0,"190":1,"191":0,"192":0,"193":0,"194":0,"195":0,"196":0,"197":0,"198":0,"199":0,"200":0,"201":0,"202":0,"203":0,"204":0,"205":0,"206":1,"207":0,"208":0,"209":1,"210":0,"211":0,"212":1,"213":0,"214":0,"215":1,"216":0,"217":0,"218":0,"219":1,"220":0,"221":0,"222":0,"223":0,"224":0,"225":0,"226":0,"227":0,"228":1,"229":0,"230":0,"231":0,"232":1,"233":0,"234":0,"235":0,"236":0,"237":1,"238":0,"239":0,"240":0,"241":0,"242":1,"243":0,"244":0,"245":0,"246":0,"247":0,"248":0,"249":1,"250":0,"251":0,"252":0,"253":0,"254":0,"255":1,"256":0,"257":0,"258":0,"259":0,"260":0,"261":0,"262":0,"263":0,"264":0,"265":0,"266":0,"267":0,"268":0,"269":0,"270":0,"271":0,"272":0,"273":0,"274":0,"275":0,"276":0,"277":1},"b":{"1":[0,0],"2":[0,0],"3":[0,0],"4":[0,0],"5":[0,0],"6":[0,0],"7":[0,0],"8":[0,0],"9":[0,0],"10":[0,0],"11":[0,0],"12":[0,0],"13":[0,0],"14":[0,0],"15":[0,0],"16":[0,0],"17":[0,0],"18":[0,0],"19":[0,0],"20":[0,0],"21":[0,0],"22":[0,0],"23":[0,0],"24":[0,0],"25":[0,0],"26":[0,0],"27":[0,0],"28":[0,0],"29":[0,0],"30":[0,0],"31":[0,0],"32":[0,0],"33":[0,0],"34":[0,0],"35":[0,0],"36":[0,0],"37":[0,0],"38":[0,0],"39":[0,0],"40":[0,0],"41":[0,0],"42":[0,0],"43":[0,0],"44":[0,0],"45":[0,0],"46":[0,0],"47":[0,0],"48":[0,0],"49":[0,0],"50":[0,0],"51":[0,0],"52":[0,0],"53":[0,0],"54":[0,0],"55":[0,0],"56":[0,0],"57":[0,0],"58":[0,0],"59":[0,0],"60":[0,0],"61":[0,0],"62":[0,0],"63":[0,0],"64":[0,0],"65":[0,0]},"f":{"1":0,"2":0,"3":0,"4":0,"5":0,"6":0,"7":0,"8":0,"9":0,"10":0,"11":0,"12":0,"13":0,"14":0,"15":0,"16":0,"17":0,"18":0,"19":0,"20":0,"21":0,"22":0,"23":0,"24":0,"25":0,"26":0,"27":0,"28":0,"29":0,"30":0,"31":0,"32":0,"33":0,"34":0,"35":0,"36":0,"37":0,"38":0,"39":0,"40":0,"41":0,"42":0,"43":0},"fnMap":{"1":{"name":"(anonymous_1)","line":61,"loc":{"start":{"line":61,"column":28},"end":{"line":61,"column":53}}},"2":{"name":"(anonymous_2)","line":106,"loc":{"start":{"line":106,"column":15},"end":{"line":106,"column":27}}},"3":{"name":"(anonymous_3)","line":107,"loc":{"start":{"line":107,"column":11},"end":{"line":107,"column":23}}},"4":{"name":"(anonymous_4)","line":164,"loc":{"start":{"line":164,"column":24},"end":{"line":164,"column":45}}},"5":{"name":"(anonymous_5)","line":168,"loc":{"start":{"line":168,"column":49},"end":{"line":168,"column":68}}},"6":{"name":"(anonymous_6)","line":195,"loc":{"start":{"line":195,"column":24},"end":{"line":195,"column":48}}},"7":{"name":"(anonymous_7)","line":253,"loc":{"start":{"line":253,"column":26},"end":{"line":253,"column":50}}},"8":{"name":"(anonymous_8)","line":274,"loc":{"start":{"line":274,"column":30},"end":{"line":274,"column":42}}},"9":{"name":"(anonymous_9)","line":282,"loc":{"start":{"line":282,"column":24},"end":{"line":282,"column":42}}},"10":{"name":"(anonymous_10)","line":310,"loc":{"start":{"line":310,"column":21},"end":{"line":310,"column":45}}},"11":{"name":"(anonymous_11)","line":322,"loc":{"start":{"line":322,"column":26},"end":{"line":322,"column":51}}},"12":{"name":"(anonymous_12)","line":349,"loc":{"start":{"line":349,"column":35},"end":{"line":349,"column":47}}},"13":{"name":"(anonymous_13)","line":361,"loc":{"start":{"line":361,"column":26},"end":{"line":361,"column":54}}},"14":{"name":"(anonymous_14)","line":384,"loc":{"start":{"line":384,"column":21},"end":{"line":384,"column":35}}},"15":{"name":"(anonymous_15)","line":385,"loc":{"start":{"line":385,"column":13},"end":{"line":385,"column":25}}},"16":{"name":"(anonymous_16)","line":395,"loc":{"start":{"line":395,"column":31},"end":{"line":395,"column":43}}},"17":{"name":"methodIsValid","line":401,"loc":{"start":{"line":401,"column":2},"end":{"line":401,"column":31}}},"18":{"name":"addMethod","line":405,"loc":{"start":{"line":405,"column":2},"end":{"line":405,"column":52}}},"19":{"name":"(anonymous_19)","line":408,"loc":{"start":{"line":408,"column":36},"end":{"line":408,"column":57}}},"20":{"name":"(anonymous_20)","line":412,"loc":{"start":{"line":412,"column":15},"end":{"line":412,"column":27}}},"21":{"name":"(anonymous_21)","line":413,"loc":{"start":{"line":413,"column":21},"end":{"line":413,"column":33}}},"22":{"name":"(anonymous_22)","line":418,"loc":{"start":{"line":418,"column":33},"end":{"line":418,"column":48}}},"23":{"name":"(anonymous_23)","line":423,"loc":{"start":{"line":423,"column":21},"end":{"line":423,"column":33}}},"24":{"name":"addInQueue","line":431,"loc":{"start":{"line":431,"column":2},"end":{"line":431,"column":28}}},"25":{"name":"(anonymous_25)","line":446,"loc":{"start":{"line":446,"column":17},"end":{"line":446,"column":47}}},"26":{"name":"(anonymous_26)","line":457,"loc":{"start":{"line":457,"column":19},"end":{"line":457,"column":31}}},"27":{"name":"(anonymous_27)","line":467,"loc":{"start":{"line":467,"column":36},"end":{"line":467,"column":52}}},"28":{"name":"(anonymous_28)","line":468,"loc":{"start":{"line":468,"column":28},"end":{"line":468,"column":43}}},"29":{"name":"(anonymous_29)","line":499,"loc":{"start":{"line":499,"column":29},"end":{"line":499,"column":60}}},"30":{"name":"(anonymous_30)","line":544,"loc":{"start":{"line":544,"column":35},"end":{"line":544,"column":47}}},"31":{"name":"(anonymous_31)","line":554,"loc":{"start":{"line":554,"column":38},"end":{"line":554,"column":50}}},"32":{"name":"(anonymous_32)","line":565,"loc":{"start":{"line":565,"column":29},"end":{"line":565,"column":41}}},"33":{"name":"(anonymous_33)","line":576,"loc":{"start":{"line":576,"column":35},"end":{"line":576,"column":47}}},"34":{"name":"(anonymous_34)","line":590,"loc":{"start":{"line":590,"column":33},"end":{"line":590,"column":53}}},"35":{"name":"(anonymous_35)","line":615,"loc":{"start":{"line":615,"column":28},"end":{"line":615,"column":48}}},"36":{"name":"(anonymous_36)","line":629,"loc":{"start":{"line":629,"column":30},"end":{"line":629,"column":42}}},"37":{"name":"(anonymous_37)","line":645,"loc":{"start":{"line":645,"column":33},"end":{"line":645,"column":45}}},"38":{"name":"(anonymous_38)","line":663,"loc":{"start":{"line":663,"column":34},"end":{"line":663,"column":46}}},"39":{"name":"(anonymous_39)","line":686,"loc":{"start":{"line":686,"column":41},"end":{"line":686,"column":60}}},"40":{"name":"(anonymous_40)","line":699,"loc":{"start":{"line":699,"column":29},"end":{"line":699,"column":45}}},"41":{"name":"(anonymous_41)","line":702,"loc":{"start":{"line":702,"column":36},"end":{"line":702,"column":61}}},"42":{"name":"(anonymous_42)","line":718,"loc":{"start":{"line":718,"column":64},"end":{"line":718,"column":87}}},"43":{"name":"(anonymous_43)","line":736,"loc":{"start":{"line":736,"column":35},"end":{"line":736,"column":47}}}},"statementMap":{"1":{"start":{"line":2,"column":0},"end":{"line":2,"column":27}},"2":{"start":{"line":3,"column":0},"end":{"line":3,"column":27}},"3":{"start":{"line":4,"column":0},"end":{"line":4,"column":31}},"4":{"start":{"line":5,"column":0},"end":{"line":5,"column":31}},"5":{"start":{"line":6,"column":0},"end":{"line":6,"column":26}},"6":{"start":{"line":7,"column":0},"end":{"line":7,"column":32}},"7":{"start":{"line":8,"column":0},"end":{"line":8,"column":39}},"8":{"start":{"line":9,"column":0},"end":{"line":9,"column":29}},"9":{"start":{"line":10,"column":0},"end":{"line":10,"column":31}},"10":{"start":{"line":11,"column":0},"end":{"line":11,"column":35}},"11":{"start":{"line":12,"column":0},"end":{"line":12,"column":36}},"12":{"start":{"line":13,"column":0},"end":{"line":13,"column":34}},"13":{"start":{"line":14,"column":0},"end":{"line":14,"column":36}},"14":{"start":{"line":15,"column":0},"end":{"line":15,"column":42}},"15":{"start":{"line":16,"column":0},"end":{"line":16,"column":49}},"16":{"start":{"line":17,"column":0},"end":{"line":17,"column":40}},"17":{"start":{"line":18,"column":0},"end":{"line":18,"column":49}},"18":{"start":{"line":19,"column":0},"end":{"line":19,"column":46}},"19":{"start":{"line":20,"column":0},"end":{"line":20,"column":40}},"20":{"start":{"line":21,"column":0},"end":{"line":21,"column":59}},"21":{"start":{"line":23,"column":0},"end":{"line":23,"column":40}},"22":{"start":{"line":61,"column":0},"end":{"line":143,"column":2}},"23":{"start":{"line":62,"column":2},"end":{"line":62,"column":33}},"24":{"start":{"line":64,"column":2},"end":{"line":67,"column":3}},"25":{"start":{"line":65,"column":4},"end":{"line":65,"column":19}},"26":{"start":{"line":66,"column":4},"end":{"line":66,"column":14}},"27":{"start":{"line":69,"column":2},"end":{"line":69,"column":31}},"28":{"start":{"line":70,"column":2},"end":{"line":70,"column":39}},"29":{"start":{"line":71,"column":2},"end":{"line":71,"column":26}},"30":{"start":{"line":72,"column":2},"end":{"line":72,"column":21}},"31":{"start":{"line":73,"column":2},"end":{"line":73,"column":23}},"32":{"start":{"line":74,"column":2},"end":{"line":74,"column":26}},"33":{"start":{"line":75,"column":2},"end":{"line":75,"column":30}},"34":{"start":{"line":77,"column":2},"end":{"line":81,"column":5}},"35":{"start":{"line":83,"column":2},"end":{"line":87,"column":5}},"36":{"start":{"line":89,"column":2},"end":{"line":93,"column":5}},"37":{"start":{"line":96,"column":2},"end":{"line":96,"column":115}},"38":{"start":{"line":97,"column":2},"end":{"line":97,"column":121}},"39":{"start":{"line":98,"column":2},"end":{"line":98,"column":30}},"40":{"start":{"line":99,"column":2},"end":{"line":99,"column":40}},"41":{"start":{"line":102,"column":2},"end":{"line":102,"column":56}},"42":{"start":{"line":104,"column":2},"end":{"line":104,"column":44}},"43":{"start":{"line":106,"column":2},"end":{"line":108,"column":4}},"44":{"start":{"line":107,"column":4},"end":{"line":107,"column":26}},"45":{"start":{"line":110,"column":2},"end":{"line":110,"column":49}},"46":{"start":{"line":111,"column":2},"end":{"line":111,"column":73}},"47":{"start":{"line":118,"column":2},"end":{"line":118,"column":34}},"48":{"start":{"line":121,"column":2},"end":{"line":121,"column":34}},"49":{"start":{"line":123,"column":2},"end":{"line":125,"column":5}},"50":{"start":{"line":126,"column":2},"end":{"line":126,"column":62}},"51":{"start":{"line":128,"column":2},"end":{"line":135,"column":3}},"52":{"start":{"line":129,"column":4},"end":{"line":133,"column":18}},"53":{"start":{"line":134,"column":4},"end":{"line":134,"column":35}},"54":{"start":{"line":137,"column":2},"end":{"line":137,"column":41}},"55":{"start":{"line":138,"column":2},"end":{"line":138,"column":35}},"56":{"start":{"line":139,"column":2},"end":{"line":139,"column":48}},"57":{"start":{"line":142,"column":2},"end":{"line":142,"column":71}},"58":{"start":{"line":145,"column":0},"end":{"line":145,"column":41}},"59":{"start":{"line":148,"column":0},"end":{"line":148,"column":55}},"60":{"start":{"line":149,"column":0},"end":{"line":149,"column":52}},"61":{"start":{"line":150,"column":0},"end":{"line":150,"column":61}},"62":{"start":{"line":151,"column":0},"end":{"line":151,"column":48}},"63":{"start":{"line":164,"column":0},"end":{"line":176,"column":2}},"64":{"start":{"line":165,"column":2},"end":{"line":165,"column":79}},"65":{"start":{"line":166,"column":2},"end":{"line":166,"column":72}},"66":{"start":{"line":168,"column":2},"end":{"line":175,"column":16}},"67":{"start":{"line":169,"column":4},"end":{"line":172,"column":5}},"68":{"start":{"line":170,"column":6},"end":{"line":170,"column":83}},"69":{"start":{"line":171,"column":6},"end":{"line":171,"column":75}},"70":{"start":{"line":174,"column":4},"end":{"line":174,"column":19}},"71":{"start":{"line":195,"column":0},"end":{"line":229,"column":2}},"72":{"start":{"line":196,"column":2},"end":{"line":196,"column":24}},"73":{"start":{"line":199,"column":2},"end":{"line":201,"column":3}},"74":{"start":{"line":200,"column":4},"end":{"line":200,"column":37}},"75":{"start":{"line":202,"column":2},"end":{"line":202,"column":57}},"76":{"start":{"line":204,"column":2},"end":{"line":209,"column":5}},"77":{"start":{"line":212,"column":2},"end":{"line":212,"column":31}},"78":{"start":{"line":213,"column":2},"end":{"line":221,"column":3}},"79":{"start":{"line":214,"column":4},"end":{"line":214,"column":55}},"80":{"start":{"line":215,"column":4},"end":{"line":220,"column":17}},"81":{"start":{"line":223,"column":2},"end":{"line":225,"column":3}},"82":{"start":{"line":224,"column":4},"end":{"line":224,"column":33}},"83":{"start":{"line":227,"column":2},"end":{"line":227,"column":22}},"84":{"start":{"line":228,"column":2},"end":{"line":228,"column":14}},"85":{"start":{"line":253,"column":0},"end":{"line":272,"column":2}},"86":{"start":{"line":254,"column":2},"end":{"line":254,"column":24}},"87":{"start":{"line":257,"column":2},"end":{"line":259,"column":3}},"88":{"start":{"line":258,"column":4},"end":{"line":258,"column":37}},"89":{"start":{"line":260,"column":2},"end":{"line":260,"column":57}},"90":{"start":{"line":262,"column":2},"end":{"line":266,"column":5}},"91":{"start":{"line":268,"column":2},"end":{"line":268,"column":31}},"92":{"start":{"line":270,"column":2},"end":{"line":270,"column":22}},"93":{"start":{"line":271,"column":2},"end":{"line":271,"column":14}},"94":{"start":{"line":274,"column":0},"end":{"line":347,"column":2}},"95":{"start":{"line":275,"column":2},"end":{"line":280,"column":4}},"96":{"start":{"line":282,"column":2},"end":{"line":305,"column":16}},"97":{"start":{"line":283,"column":4},"end":{"line":290,"column":5}},"98":{"start":{"line":284,"column":6},"end":{"line":284,"column":44}},"99":{"start":{"line":285,"column":6},"end":{"line":287,"column":7}},"100":{"start":{"line":286,"column":8},"end":{"line":286,"column":49}},"101":{"start":{"line":289,"column":6},"end":{"line":289,"column":43}},"102":{"start":{"line":292,"column":4},"end":{"line":294,"column":5}},"103":{"start":{"line":293,"column":6},"end":{"line":293,"column":52}},"104":{"start":{"line":298,"column":4},"end":{"line":304,"column":5}},"105":{"start":{"line":299,"column":6},"end":{"line":299,"column":72}},"106":{"start":{"line":300,"column":11},"end":{"line":304,"column":5}},"107":{"start":{"line":301,"column":6},"end":{"line":301,"column":73}},"108":{"start":{"line":302,"column":11},"end":{"line":304,"column":5}},"109":{"start":{"line":303,"column":6},"end":{"line":303,"column":56}},"110":{"start":{"line":307,"column":2},"end":{"line":307,"column":53}},"111":{"start":{"line":310,"column":2},"end":{"line":319,"column":16}},"112":{"start":{"line":312,"column":4},"end":{"line":315,"column":5}},"113":{"start":{"line":313,"column":6},"end":{"line":313,"column":35}},"114":{"start":{"line":314,"column":6},"end":{"line":314,"column":13}},"115":{"start":{"line":316,"column":4},"end":{"line":318,"column":5}},"116":{"start":{"line":317,"column":6},"end":{"line":317,"column":58}},"117":{"start":{"line":322,"column":2},"end":{"line":339,"column":16}},"118":{"start":{"line":323,"column":4},"end":{"line":323,"column":14}},"119":{"start":{"line":324,"column":4},"end":{"line":336,"column":5}},"120":{"start":{"line":325,"column":6},"end":{"line":331,"column":7}},"121":{"start":{"line":326,"column":8},"end":{"line":326,"column":47}},"122":{"start":{"line":327,"column":13},"end":{"line":331,"column":7}},"123":{"start":{"line":328,"column":8},"end":{"line":328,"column":31}},"124":{"start":{"line":330,"column":8},"end":{"line":330,"column":15}},"125":{"start":{"line":332,"column":11},"end":{"line":336,"column":5}},"126":{"start":{"line":333,"column":6},"end":{"line":333,"column":61}},"127":{"start":{"line":335,"column":6},"end":{"line":335,"column":47}},"128":{"start":{"line":338,"column":4},"end":{"line":338,"column":36}},"129":{"start":{"line":342,"column":2},"end":{"line":342,"column":37}},"130":{"start":{"line":343,"column":2},"end":{"line":343,"column":44}},"131":{"start":{"line":346,"column":2},"end":{"line":346,"column":27}},"132":{"start":{"line":349,"column":0},"end":{"line":368,"column":2}},"133":{"start":{"line":352,"column":2},"end":{"line":354,"column":3}},"134":{"start":{"line":353,"column":4},"end":{"line":353,"column":11}},"135":{"start":{"line":357,"column":2},"end":{"line":359,"column":3}},"136":{"start":{"line":358,"column":4},"end":{"line":358,"column":11}},"137":{"start":{"line":361,"column":2},"end":{"line":367,"column":11}},"138":{"start":{"line":364,"column":4},"end":{"line":366,"column":5}},"139":{"start":{"line":365,"column":6},"end":{"line":365,"column":113}},"140":{"start":{"line":384,"column":0},"end":{"line":479,"column":2}},"141":{"start":{"line":385,"column":2},"end":{"line":385,"column":28}},"142":{"start":{"line":387,"column":2},"end":{"line":387,"column":18}},"143":{"start":{"line":388,"column":2},"end":{"line":388,"column":23}},"144":{"start":{"line":389,"column":2},"end":{"line":389,"column":19}},"145":{"start":{"line":391,"column":2},"end":{"line":391,"column":72}},"146":{"start":{"line":392,"column":2},"end":{"line":392,"column":51}},"147":{"start":{"line":393,"column":2},"end":{"line":393,"column":97}},"148":{"start":{"line":395,"column":2},"end":{"line":398,"column":16}},"149":{"start":{"line":396,"column":4},"end":{"line":396,"column":21}},"150":{"start":{"line":397,"column":4},"end":{"line":397,"column":9}},"151":{"start":{"line":401,"column":2},"end":{"line":403,"column":3}},"152":{"start":{"line":402,"column":4},"end":{"line":402,"column":60}},"153":{"start":{"line":405,"column":2},"end":{"line":429,"column":3}},"154":{"start":{"line":406,"column":4},"end":{"line":406,"column":39}},"155":{"start":{"line":407,"column":4},"end":{"line":407,"column":57}},"156":{"start":{"line":408,"column":4},"end":{"line":428,"column":7}},"157":{"start":{"line":409,"column":6},"end":{"line":409,"column":37}},"158":{"start":{"line":410,"column":6},"end":{"line":410,"column":40}},"159":{"start":{"line":412,"column":6},"end":{"line":427,"column":9}},"160":{"start":{"line":413,"column":8},"end":{"line":415,"column":21}},"161":{"start":{"line":414,"column":10},"end":{"line":414,"column":30}},"162":{"start":{"line":417,"column":8},"end":{"line":417,"column":45}},"163":{"start":{"line":419,"column":8},"end":{"line":419,"column":67}},"164":{"start":{"line":423,"column":8},"end":{"line":426,"column":11}},"165":{"start":{"line":424,"column":10},"end":{"line":424,"column":34}},"166":{"start":{"line":425,"column":10},"end":{"line":425,"column":18}},"167":{"start":{"line":431,"column":2},"end":{"line":453,"column":3}},"168":{"start":{"line":432,"column":4},"end":{"line":432,"column":49}},"169":{"start":{"line":433,"column":4},"end":{"line":433,"column":83}},"170":{"start":{"line":436,"column":4},"end":{"line":438,"column":5}},"171":{"start":{"line":437,"column":6},"end":{"line":437,"column":46}},"172":{"start":{"line":441,"column":4},"end":{"line":443,"column":5}},"173":{"start":{"line":442,"column":6},"end":{"line":442,"column":13}},"174":{"start":{"line":446,"column":4},"end":{"line":452,"column":7}},"175":{"start":{"line":447,"column":6},"end":{"line":449,"column":7}},"176":{"start":{"line":448,"column":8},"end":{"line":448,"column":15}},"177":{"start":{"line":451,"column":6},"end":{"line":451,"column":47}},"178":{"start":{"line":455,"column":2},"end":{"line":455,"column":35}},"179":{"start":{"line":457,"column":2},"end":{"line":461,"column":15}},"180":{"start":{"line":458,"column":4},"end":{"line":460,"column":7}},"181":{"start":{"line":463,"column":2},"end":{"line":463,"column":45}},"182":{"start":{"line":464,"column":2},"end":{"line":464,"column":15}},"183":{"start":{"line":467,"column":2},"end":{"line":475,"column":16}},"184":{"start":{"line":468,"column":4},"end":{"line":474,"column":18}},"185":{"start":{"line":469,"column":6},"end":{"line":471,"column":7}},"186":{"start":{"line":470,"column":8},"end":{"line":470,"column":32}},"187":{"start":{"line":473,"column":6},"end":{"line":473,"column":13}},"188":{"start":{"line":477,"column":2},"end":{"line":477,"column":41}},"189":{"start":{"line":478,"column":2},"end":{"line":478,"column":14}},"190":{"start":{"line":499,"column":0},"end":{"line":537,"column":2}},"191":{"start":{"line":500,"column":2},"end":{"line":500,"column":16}},"192":{"start":{"line":501,"column":2},"end":{"line":501,"column":26}},"193":{"start":{"line":504,"column":2},"end":{"line":509,"column":14}},"194":{"start":{"line":511,"column":2},"end":{"line":528,"column":3}},"195":{"start":{"line":512,"column":4},"end":{"line":512,"column":40}},"196":{"start":{"line":513,"column":4},"end":{"line":513,"column":53}},"197":{"start":{"line":514,"column":4},"end":{"line":514,"column":57}},"198":{"start":{"line":515,"column":4},"end":{"line":518,"column":7}},"199":{"start":{"line":520,"column":4},"end":{"line":527,"column":5}},"200":{"start":{"line":521,"column":6},"end":{"line":524,"column":9}},"201":{"start":{"line":526,"column":6},"end":{"line":526,"column":16}},"202":{"start":{"line":530,"column":2},"end":{"line":534,"column":3}},"203":{"start":{"line":531,"column":4},"end":{"line":531,"column":20}},"204":{"start":{"line":533,"column":4},"end":{"line":533,"column":39}},"205":{"start":{"line":536,"column":2},"end":{"line":536,"column":14}},"206":{"start":{"line":544,"column":0},"end":{"line":547,"column":2}},"207":{"start":{"line":545,"column":2},"end":{"line":545,"column":53}},"208":{"start":{"line":546,"column":2},"end":{"line":546,"column":30}},"209":{"start":{"line":554,"column":0},"end":{"line":557,"column":2}},"210":{"start":{"line":555,"column":2},"end":{"line":555,"column":53}},"211":{"start":{"line":556,"column":2},"end":{"line":556,"column":37}},"212":{"start":{"line":565,"column":0},"end":{"line":568,"column":2}},"213":{"start":{"line":566,"column":2},"end":{"line":566,"column":67}},"214":{"start":{"line":567,"column":2},"end":{"line":567,"column":67}},"215":{"start":{"line":576,"column":0},"end":{"line":580,"column":2}},"216":{"start":{"line":577,"column":2},"end":{"line":577,"column":60}},"217":{"start":{"line":578,"column":2},"end":{"line":578,"column":94}},"218":{"start":{"line":579,"column":2},"end":{"line":579,"column":52}},"219":{"start":{"line":590,"column":0},"end":{"line":606,"column":2}},"220":{"start":{"line":591,"column":2},"end":{"line":603,"column":3}},"221":{"start":{"line":592,"column":4},"end":{"line":592,"column":51}},"222":{"start":{"line":594,"column":4},"end":{"line":596,"column":5}},"223":{"start":{"line":595,"column":6},"end":{"line":595,"column":28}},"224":{"start":{"line":598,"column":4},"end":{"line":598,"column":28}},"225":{"start":{"line":599,"column":4},"end":{"line":599,"column":28}},"226":{"start":{"line":602,"column":4},"end":{"line":602,"column":37}},"227":{"start":{"line":605,"column":2},"end":{"line":605,"column":47}},"228":{"start":{"line":615,"column":0},"end":{"line":621,"column":2}},"229":{"start":{"line":616,"column":2},"end":{"line":618,"column":3}},"230":{"start":{"line":617,"column":4},"end":{"line":617,"column":46}},"231":{"start":{"line":620,"column":2},"end":{"line":620,"column":26}},"232":{"start":{"line":629,"column":0},"end":{"line":637,"column":2}},"233":{"start":{"line":630,"column":2},"end":{"line":630,"column":50}},"234":{"start":{"line":632,"column":2},"end":{"line":634,"column":3}},"235":{"start":{"line":633,"column":4},"end":{"line":633,"column":54}},"236":{"start":{"line":636,"column":2},"end":{"line":636,"column":18}},"237":{"start":{"line":645,"column":0},"end":{"line":653,"column":2}},"238":{"start":{"line":646,"column":2},"end":{"line":646,"column":50}},"239":{"start":{"line":648,"column":2},"end":{"line":650,"column":3}},"240":{"start":{"line":649,"column":4},"end":{"line":649,"column":59}},"241":{"start":{"line":652,"column":2},"end":{"line":652,"column":18}},"242":{"start":{"line":663,"column":0},"end":{"line":675,"column":2}},"243":{"start":{"line":664,"column":2},"end":{"line":664,"column":78}},"244":{"start":{"line":666,"column":2},"end":{"line":668,"column":3}},"245":{"start":{"line":667,"column":4},"end":{"line":667,"column":78}},"246":{"start":{"line":670,"column":2},"end":{"line":672,"column":3}},"247":{"start":{"line":671,"column":4},"end":{"line":671,"column":52}},"248":{"start":{"line":674,"column":2},"end":{"line":674,"column":44}},"249":{"start":{"line":686,"column":0},"end":{"line":693,"column":2}},"250":{"start":{"line":687,"column":2},"end":{"line":687,"column":73}},"251":{"start":{"line":688,"column":2},"end":{"line":690,"column":3}},"252":{"start":{"line":689,"column":4},"end":{"line":689,"column":24}},"253":{"start":{"line":691,"column":2},"end":{"line":691,"column":66}},"254":{"start":{"line":692,"column":2},"end":{"line":692,"column":14}},"255":{"start":{"line":699,"column":0},"end":{"line":739,"column":2}},"256":{"start":{"line":700,"column":2},"end":{"line":700,"column":18}},"257":{"start":{"line":702,"column":2},"end":{"line":733,"column":5}},"258":{"start":{"line":703,"column":4},"end":{"line":703,"column":22}},"259":{"start":{"line":706,"column":4},"end":{"line":708,"column":5}},"260":{"start":{"line":707,"column":6},"end":{"line":707,"column":18}},"261":{"start":{"line":711,"column":4},"end":{"line":711,"column":44}},"262":{"start":{"line":713,"column":4},"end":{"line":716,"column":5}},"263":{"start":{"line":714,"column":6},"end":{"line":714,"column":22}},"264":{"start":{"line":715,"column":6},"end":{"line":715,"column":18}},"265":{"start":{"line":718,"column":4},"end":{"line":731,"column":7}},"266":{"start":{"line":719,"column":6},"end":{"line":722,"column":7}},"267":{"start":{"line":720,"column":8},"end":{"line":720,"column":16}},"268":{"start":{"line":721,"column":8},"end":{"line":721,"column":15}},"269":{"start":{"line":724,"column":6},"end":{"line":728,"column":7}},"270":{"start":{"line":725,"column":8},"end":{"line":725,"column":26}},"271":{"start":{"line":727,"column":8},"end":{"line":727,"column":26}},"272":{"start":{"line":730,"column":6},"end":{"line":730,"column":11}},"273":{"start":{"line":732,"column":4},"end":{"line":732,"column":30}},"274":{"start":{"line":735,"column":2},"end":{"line":735,"column":74}},"275":{"start":{"line":736,"column":2},"end":{"line":738,"column":5}},"276":{"start":{"line":737,"column":4},"end":{"line":737,"column":11}},"277":{"start":{"line":754,"column":0},"end":{"line":754,"column":45}}},"branchMap":{"1":{"line":64,"type":"if","locations":[{"start":{"line":64,"column":2},"end":{"line":64,"column":2}},{"start":{"line":64,"column":2},"end":{"line":64,"column":2}}]},"2":{"line":69,"type":"binary-expr","locations":[{"start":{"line":69,"column":17},"end":{"line":69,"column":24}},{"start":{"line":69,"column":28},"end":{"line":69,"column":30}}]},"3":{"line":71,"type":"binary-expr","locations":[{"start":{"line":71,"column":15},"end":{"line":71,"column":19}},{"start":{"line":71,"column":23},"end":{"line":71,"column":25}}]},"4":{"line":104,"type":"binary-expr","locations":[{"start":{"line":104,"column":21},"end":{"line":104,"column":37}},{"start":{"line":104,"column":41},"end":{"line":104,"column":43}}]},"5":{"line":126,"type":"cond-expr","locations":[{"start":{"line":126,"column":24},"end":{"line":126,"column":46}},{"start":{"line":126,"column":49},"end":{"line":126,"column":61}}]},"6":{"line":128,"type":"if","locations":[{"start":{"line":128,"column":2},"end":{"line":128,"column":2}},{"start":{"line":128,"column":2},"end":{"line":128,"column":2}}]},"7":{"line":169,"type":"if","locations":[{"start":{"line":169,"column":4},"end":{"line":169,"column":4}},{"start":{"line":169,"column":4},"end":{"line":169,"column":4}}]},"8":{"line":196,"type":"binary-expr","locations":[{"start":{"line":196,"column":11},"end":{"line":196,"column":17}},{"start":{"line":196,"column":21},"end":{"line":196,"column":23}}]},"9":{"line":199,"type":"if","locations":[{"start":{"line":199,"column":2},"end":{"line":199,"column":2}},{"start":{"line":199,"column":2},"end":{"line":199,"column":2}}]},"10":{"line":202,"type":"binary-expr","locations":[{"start":{"line":202,"column":23},"end":{"line":202,"column":41}},{"start":{"line":202,"column":45},"end":{"line":202,"column":56}}]},"11":{"line":213,"type":"if","locations":[{"start":{"line":213,"column":2},"end":{"line":213,"column":2}},{"start":{"line":213,"column":2},"end":{"line":213,"column":2}}]},"12":{"line":213,"type":"binary-expr","locations":[{"start":{"line":213,"column":6},"end":{"line":213,"column":29}},{"start":{"line":213,"column":33},"end":{"line":213,"column":60}}]},"13":{"line":223,"type":"if","locations":[{"start":{"line":22
[...]
 an `options` object to install through npm."," *"," * The installation will automatically run during the run loop `install` phase."," *"," * @param {String|Array} [pkgs] Packages to install"," * @param {Object} [options] Options to pass to `dargs` as arguments"," * @param {Function} [cb]"," * @param {Object} [spawnOptions] Options to pass `child_process.spawn`."," */","","install.yarnInstall = function (pkgs, options, cb, spawnOptions) {","  return this.runInstall('yarn', pkgs, options, cb, spawnOptions);","};",""],"l":{"2":1,"3":1,"4":1,"5":1,"6":1,"12":1,"28":1,"29":0,"30":0,"31":0,"34":0,"35":0,"36":0,"37":0,"39":0,"42":0,"43":0,"47":0,"48":0,"52":0,"53":0,"54":0,"57":0,"58":0,"59":0,"61":0,"65":0,"68":0,"69":0,"70":0,"74":0,"98":1,"99":0,"100":0,"101":0,"109":0,"110":0,"115":0,"116":0,"117":0,"118":0,"122":0,"123":0,"124":0,"125":0,"129":0,"130":0,"131":0,"132":0,"136":0,"138":0,"139":0,"144":0,"147":0,"161":1,"162":0,"176":1,"177":0,"190":1,"191":0}},"/home/travis/build/npmtest/node-npmtest-yeoman-generator/node_modules/yeoman-generator/lib/actions/help.js":{"path":"/home/travis/build/npmtest/node-npmtest-yeoman-generator/node_modules/yeoman-generator/lib/actions/help.js","s":{"1":1,"2":1,"3":1,"4":1,"5":1,"6":1,"7":1,"8":0,"9":0,"10":0,"11":0,"12":0,"13":0,"14":0,"15":0,"16":0,"17":0,"18":1,"19":0,"20":0,"21":0,"22":0,"23":1,"24":0,"25":0,"26":0,"27":0,"28":0,"29":0,"30":0,"31":0,"32":0,"33":0,"34":1,"35":0,"36":0,"37":1,"38":0,"39":0,"40":0,"41":1,"42":0,"43":0,"44":0,"45":0,"46":0},"b":{"1":[0,0],"2":[0,0],"3":[0,0],"4":[0,0],"5":[0,0],"6":[0,0],"7":[0,0],"8":[0,0],"9":[0,0],"10":[0,0],"11":[0,0],"12":[0,0],"13":[0,0],"14":[0,0],"15":[0,0,0]},"f":{"1":0,"2":0,"3":0,"4":0,"5":0,"6":0,"7":0,"8":0,"9":0},"fnMap":{"1":{"name":"(anonymous_1)","line":19,"loc":{"start":{"line":19,"column":12},"end":{"line":19,"column":24}}},"2":{"name":"formatArg","line":54,"loc":{"start":{"line":54,"column":0},"end":{"line":54,"column":27}}},"3":{"name":"(anonymous_3)","line":69,"loc":{"start":{"line":69,"column":13},"end":{"line":69,"column":25}}},"4":{"name":"(anonymous_4)","line":94,"loc":{"start":{"line":94,"column":12},"end":{"line":94,"column":35}}},"5":{"name":"(anonymous_5)","line":103,"loc":{"start":{"line":103,"column":21},"end":{"line":103,"column":33}}},"6":{"name":"(anonymous_6)","line":104,"loc":{"start":{"line":104,"column":33},"end":{"line":104,"column":51}}},"7":{"name":"(anonymous_7)","line":121,"loc":{"start":{"line":121,"column":19},"end":{"line":121,"column":31}}},"8":{"name":"(anonymous_8)","line":122,"loc":{"start":{"line":122,"column":40},"end":{"line":122,"column":54}}},"9":{"name":"(anonymous_9)","line":126,"loc":{"start":{"line":126,"column":25},"end":{"line":126,"column":40}}}},"statementMap":{"1":{"start":{"line":2,"column":0},"end":{"line":2,"column":27}},"2":{"start":{"line":3,"column":0},"end":{"line":3,"column":23}},"3":{"start":{"line":4,"column":0},"end":{"line":4,"column":26}},"4":{"start":{"line":5,"column":0},"end":{"line":5,"column":34}},"5":{"start":{"line":6,"column":0},"end":{"line":6,"column":40}},"6":{"start":{"line":12,"column":0},"end":{"line":12,"column":26}},"7":{"start":{"line":19,"column":0},"end":{"line":52,"column":2}},"8":{"start":{"line":20,"column":2},"end":{"line":20,"column":58}},"9":{"start":{"line":21,"column":2},"end":{"line":21,"column":41}},"10":{"start":{"line":22,"column":2},"end":{"line":26,"column":4}},"11":{"start":{"line":29,"column":2},"end":{"line":35,"column":3}},"12":{"start":{"line":30,"column":4},"end":{"line":34,"column":7}},"13":{"start":{"line":38,"column":2},"end":{"line":44,"column":3}},"14":{"start":{"line":39,"column":4},"end":{"line":43,"column":7}},"15":{"start":{"line":47,"column":2},"end":{"line":49,"column":3}},"16":{"start":{"line":48,"column":4},"end":{"line":48,"column":48}},"17":{"start":{"line":51,"column":2},"end":{"line":51,"column":24}},"18":{"start":{"line":54,"column":0},"end":{"line":62,"column":1}},"19":{"start":{"line":55,"column":2},"end":{"line":55,"column":36}},"20":{"start":{"line":57,"column":2},"end":{"line":59,"column":3}},"21":{"start":{"line":58,"column":4},"end":{"line":58,"column":26}},"22":{"start":{"line":61,"column":2},"end":{"line":61,"column":13}},"23":{"start":{"line":69,"column":0},"end":{"line":86,"column":2}},"24":{"start":{"line":70,"column":2},"end":{"line":70,"column":69}},"25":{"start":{"line":71,"column":2},"end":{"line":71,"column":42}},"26":{"start":{"line":72,"column":2},"end":{"line":72,"column":16}},"27":{"start":{"line":74,"column":2},"end":{"line":76,"column":3}},"28":{"start":{"line":75,"column":4},"end":{"line":75,"column":52}},"29":{"start":{"line":78,"column":2},"end":{"line":78,"column":38}},"30":{"start":{"line":79,"column":2},"end":{"line":79,"column":53}},"31":{"start":{"line":81,"column":2},"end":{"line":83,"column":3}},"32":{"start":{"line":82,"column":4},"end":{"line":82,"column":37}},"33":{"start":{"line":85,"column":2},"end":{"line":85,"column":13}},"34":{"start":{"line":94,"column":0},"end":{"line":97,"column":2}},"35":{"start":{"line":95,"column":2},"end":{"line":95,"column":39}},"36":{"start":{"line":96,"column":2},"end":{"line":96,"column":14}},"37":{"start":{"line":103,"column":0},"end":{"line":115,"column":2}},"38":{"start":{"line":104,"column":2},"end":{"line":112,"column":5}},"39":{"start":{"line":105,"column":4},"end":{"line":111,"column":6}},"40":{"start":{"line":114,"column":2},"end":{"line":114,"column":21}},"41":{"start":{"line":121,"column":0},"end":{"line":137,"column":2}},"42":{"start":{"line":122,"column":2},"end":{"line":124,"column":5}},"43":{"start":{"line":123,"column":4},"end":{"line":123,"column":19}},"44":{"start":{"line":126,"column":2},"end":{"line":134,"column":5}},"45":{"start":{"line":127,"column":4},"end":{"line":133,"column":6}},"46":{"start":{"line":136,"column":2},"end":{"line":136,"column":21}}},"branchMap":{"1":{"line":29,"type":"if","locations":[{"start":{"line":29,"column":2},"end":{"line":29,"column":2}},{"start":{"line":29,"column":2},"end":{"line":29,"column":2}}]},"2":{"line":38,"type":"if","locations":[{"start":{"line":38,"column":2},"end":{"line":38,"column":2}},{"start":{"line":38,"column":2},"end":{"line":38,"column":2}}]},"3":{"line":47,"type":"if","locations":[{"start":{"line":47,"column":2},"end":{"line":47,"column":2}},{"start":{"line":47,"column":2},"end":{"line":47,"column":2}}]},"4":{"line":57,"type":"if","locations":[{"start":{"line":57,"column":2},"end":{"line":57,"column":2}},{"start":{"line":57,"column":2},"end":{"line":57,"column":2}}]},"5":{"line":70,"type":"cond-expr","locations":[{"start":{"line":70,"column":52},"end":{"line":70,"column":63}},{"start":{"line":70,"column":66},"end":{"line":70,"column":68}}]},"6":{"line":74,"type":"if","locations":[{"start":{"line":74,"column":2},"end":{"line":74,"column":2}},{"start":{"line":74,"column":2},"end":{"line":74,"column":2}}]},"7":{"line":81,"type":"if","locations":[{"start":{"line":81,"column":2},"end":{"line":81,"column":2}},{"start":{"line":81,"column":2},"end":{"line":81,"column":2}}]},"8":{"line":95,"type":"binary-expr","locations":[{"start":{"line":95,"column":21},"end":{"line":95,"column":32}},{"start":{"line":95,"column":36},"end":{"line":95,"column":38}}]},"9":{"line":107,"type":"cond-expr","locations":[{"start":{"line":107,"column":20},"end":{"line":107,"column":31}},{"start":{"line":107,"column":34},"end":{"line":107,"column":36}}]},"10":{"line":108,"type":"cond-expr","locations":[{"start":{"line":108,"column":27},"end":{"line":108,"column":52}},{"start":{"line":108,"column":55},"end":{"line":108,"column":57}}]},"11":{"line":109,"type":"cond-expr","locations":[{"start":{"line":109,"column":20},"end":{"line":109,"column":47}},{"start":{"line":109,"column":50},"end":{"line":109,"column":52}}]},"12":{"line":129,"type":"cond-expr","locations":[{"start":{"line":129,"column":18},"end":{"line":129,"column":40}},{"start":{"line":129,"column":43},"end":{"line":129,"column":45}}]},"13":{"line":131,"type":"cond-expr","locations":[{"start":{"line":131,"column":24},"end":{"line":131,"column":46}},{"start":{"line":131,"column":49},"end":{"line":131,"column":51}}]},"14":{"line":132,"type":"cond-expr","locations":[{"start":{"line":132,"column":82},"end":{"line":132,"column":107}},{"start":{"line":132,"column":110},"end":{"line":132,"column":112}}]},"15":{"line":132,"type":"binary-expr","locations":[{"start":{"line":132,"column":7},"end":{"line":132,"column":32}},{"start":{"line":132,"column":36},"end":{"line":132,"column":56}},{"start":{"line":132,"column":60},"end":{"line":132,"column":78}}]}},"code":["'use strict';","var path = require('path');","var fs = require('fs');","var _ = require('lodash');","var table = require('text-table');","var pathExists = require('path-exists');","","/**"," * @mixin"," * @alias actions/help"," */","var help = module.exports;","","/**"," * Tries to get the description from a USAGE file one folder above the"," * source root otherwise uses a default description."," */","","help.help = function () {","  var filepath = path.join(this.sourceRoot(), '../USAGE');","  var exists = pathExists.sync(filepath);","  var out = [","    'Usage:',","    '  ' + this.usage(),","    ''","  ];","","  // Build options","  if (Object.keys(this._options).length > 0) {","    out = out.concat([","      'Options:',","      this.optionsHelp(),","      ''","    ]);","  }","","  // Build arguments","  if (this._arguments.length > 0) {","    out = out.concat([","      'Arguments:',","      this.argumentsHelp(),","      ''","    ]);","  }","","  // Append USAGE file is any","  if (exists) {","    out.push(fs.readFileSync(filepath, 'utf8'));","  }","","  return out.join('\\n');","};","","function formatArg(config) {","  var arg = '<' + config.name + '>';","","  if (!config.required) {","    arg = '[' + arg + ']';","  }","","  return arg;","}","","/**"," * Output usage information for this given generator, depending on its arguments"," * or options."," */","","help.usage = function () {","  var options = Object.keys(this._options).length ? '[options]' : '';","  var name = ' ' + this.options.namespace;","  var args = '';","","  if (this._arguments.length > 0) {","    args = this._arguments.map(formatArg).join(' ');","  }","","  name = name.replace(/^yeoman:/, '');","  var out = 'yo' + name + ' ' + options + ' ' + args;","","  if (this.description) {","    out += '\\n\\n' + this.description;","  }","","  return out;","};","","/**"," * Simple setter for custom `description` to append on help output."," *"," * @param {String} description"," */","","help.desc = function (description) {","  this.description = description || '';","  return this;","};","","/**"," * Get help text for arguments"," * @returns {String} Text of options in formatted table"," */","help.argumentsHelp = function () {","  var rows = this._arguments.map(function (config) {","    return [","      '',","      config.name ? config.name : '',","      config.description ? '# ' + config.description : '',","      config.type ? 'Type: ' + config.type.name : '',","      'Required: ' + config.required","    ];","  });","","  return table(rows);","};","","/**"," * Get help text for options"," * @returns {String} Text of options in formatted table"," */","help.optionsHelp = function () {","  var options = _.reject(this._options, function (el) {","    return el.hide;","  });","","  var rows = options.map(function (opt) {","    return [","      '',","      opt.alias ? '-' + opt.alias + ', ' : '',","      '--' + opt.name,","      opt.description ? '# ' + opt.description : '',","      (opt.default !== undefined && opt.default !== null && opt.default !== '') ? 'Default: ' + opt.default : ''","    ];","  });","","  return table(rows);","};",""],"l":{"2":1,"3":1,"4":1,"5":1,"6":1,"12":1,"19":1,"20":0,"21":0,"22":0,"29":0,"30":0,"38":0,"39":0,"47":0,"48":0,"51":0,"54":1,"55":0,"57":0,"58":0,"61":0,"69":1,"70":0,"71":0,"72":0,"74":0,"75":0,"78":0,"79":0,"81":0,"82":0,"85":0,"94":1,"95":0,"96":0,"103":1,"104":0,"105":0,"114":0,"121":1,"122":0,"123":0,"126":0,"127":0,"136":0}},"/home/travis/build/npmtest/node-npmtest-yeoman-generator/node_modules/yeoman-generator/lib/actions/spawn-command.js":{"path":"/home/travis/build/npmtest/node-npmtest-yeoman-generator/node_modules/yeoman-generator/lib/actions/spawn-command.js","s":{"1":1,"2":1,"3":1,"4":1,"5":0,"6":0,"7":1,"8":0,"9":0},"b":{"1":[0,0],"2":[0,0]},"f":{"1":0,"2":0},"fnMap":{"1":{"name":"(anonymous_1)","line":18,"loc":{"start":{"line":18,"column":28},"end":{"line":18,"column":58}}},"2":{"name":"(anonymous_2)","line":30,"loc":{"start":{"line":30,"column":32},"end":{"line":30,"column":62}}}},"statementMap":{"1":{"start":{"line":2,"column":0},"end":{"line":2,"column":26}},"2":{"start":{"line":3,"column":0},"end":{"line":3,"column":35}},"3":{"start":{"line":9,"column":0},"end":{"line":9,"column":34}},"4":{"start":{"line":18,"column":0},"end":{"line":21,"column":2}},"5":{"start":{"line":19,"column":2},"end":{"line":19,"column":18}},"6":{"start":{"line":20,"column":2},"end":{"line":20,"column":67}},"7":{"start":{"line":30,"column":0},"end":{"line":33,"column":2}},"8":{"start":{"line":31,"column":2},"end":{"line":31,"column":18}},"9":{"start":{"line":32,"column":2},"end":{"line":32,"column":72}}},"branchMap":{"1":{"line":19,"type":"binary-expr","locations":[{"start":{"line":19,"column":8},"end":{"line":19,"column":11}},{"start":{"line":19,"column":15},"end":{"line":19,"column":17}}]},"2":{"line":31,"type":"binary-expr","locations":[{"start":{"line":31,"column":8},"end":{"line":31,"column":11}},{"start":{"line":31,"column":15},"end":{"line":31,"column":17}}]}},"code":["'use strict';","var _ = require('lodash');","var spawn = require('cross-spawn');","","/**"," * @mixin"," * @alias actions/spawn-command"," */","var spawnCommand = module.exports;","","/**"," * Normalize a command across OS and spawn it (asynchronously)."," *"," * @param {String} command"," * @param {Array} args"," * @param {object} [opt]"," */","spawnCommand.spawnCommand = function (command, args, opt) {","  opt = opt || {};","  return spawn(command, args, _.defaults(opt, {stdio: 'inherit'}));","};","","/**"," * Normalize a command across OS and spawn it (synchronously)."," *"," * @param {String} command"," * @param {Array} args"," * @param {object} [opt]"," */","spawnCommand.spawnCommandSync = function (command, args, opt) {","  opt = opt || {};","  return spawn.sync(command, args, _.defaults(opt, {stdio: 'inherit'}));","};",""],"l":{"2":1,"3":1,"9":1,"18":1,"19":0,"20":0,"30":1,"31":0,"32":0}},"/home/travis/build/npmtest/node-npmtest-yeoman-generator/node_modules/yeoman-generator/lib/actions/user.js":{"path":"/home/travis/build/npmtest/node-npmtest-yeoman-generator/node_modules/yeoman-generator/lib/actions/user.js","s":{"1":1,"2":1,"3":1,"4":1,"5":1,"6":1,"7":1,"8":1,"9":0,"10":0,"11":0,"12":0,"13":0,"14":0,"15":0,"16":1,"17":0,"18":0,"19":0,"20":0,"21":0,"22":0,"23":0,"24":1,"25":0,"26":0,"27":0,"28":0,"29":0,"30":0},"b":{"1":[0,0],"2":[0,0],"3":[0,0],"4":[0,0],"5":[0,0]},"f":{"1":0,"2":0,"3":0},"fnMap":{"1":{"name":"(anonymous_1)","line":22,"loc":{"start":{"line":22,"column":16},"end":{"line":22,"column":28}}},"2":{"name":"(anonymous_2)","line":42,"loc":{"start":{"line":42,"column":17},"end":{"line":42,"column":29}}},"3":{"name":"(anonymous_3)","line":61,"loc":{"start":{"line":61,"column":23},"end":{"line":61,"column":37}}}},"statementMap":{"1":{"start":{"line":2,"column":0},"end":{"line":2,"column":31}},"2":{"start":{"line":3,"column":0},"end":{"line":3,"column":48}},"3":{"start":{"line":5,"column":0},"end":{"line":5,"column":19}},"4":{"start":{"line":6,"column":0},"end":{"line":6,"column":20}},"5":{"start":{"line":12,"column":0},"end":{"line":12,"column":26}},"6":{"start":{"line":14,"column":0},"end":{"line":14,"column":14}},"7":{"start":{"line":15,"column":0},"end":{"line":15,"column":17}},"8":{"start":{"line":22,"column":0},"end":{"line":35,"column":2}},"9":{"start":{"line":23,"column":2},"end":{"line":23,"column":38}},"10":{"start":{"line":25,"column":2},"end":{"line":27,"column":3}},"11":{"start":{"line":26,"column":4},"end":{"line":26,"column":16}},"12":{"start":{"line":29,"column":2},"end":{"line":32,"column":3}},"13":{"start":{"line":30,"column":4},"end":{"line":30,"column":82}},"14":{"start":{"line":31,"column":4},"end":{"line":31,"column":36}},"15":{"start":{"line":34,"column":2},"end":{"line":34,"column":14}},"16":{"start":{"line":42,"column":0},"end":{"line":55,"column":2}},"17":{"start":{"line":43,"column":2},"end":{"line":43,"column":40}},"18":{"start":{"line":45,"column":2},"end":{"line":47,"column":3}},"19":{"start":{"line":46,"column":4},"end":{"line":46,"column":17}},"20":{"start":{"line":49,"column":2},"end":{"line":52,"column":3}},"21":{"start":{"line":50,"column":4},"end":{"line":50,"column":84}},"22":{"start":{"line":51,"column":4},"end":{"line":51,"column":38}},"23":{"start":{"line":54,"column":2},"end":{"line":54,"column":15}},"24":{"start":{"line":61,"column":0},"end":{"line":72,"column":2}},"25":{"start":{"line":62,"column":2},"end":{"line":62,"column":49}},"26":{"start":{"line":64,"column":2},"end":{"line":69,"column":3}},"27":{"start":{"line":65,"column":4},"end":{"line":68,"column":6}},"28":{"start":{"line":66,"column":13},"end":{"line":66,"column":26}},"29":{"start":{"line":67,"column":13},"end":{"line":67,"column":20}},"30":{"start":{"line":71,"column":2},"end":{"line":71,"column":17}}},"branchMap":{"1":{"line":25,"type":"if","locations":[{"start":{"line":25,"column":2},"end":{"line":25,"column":2}},{"start":{"line":25,"column":2},"end":{"line":25,"column":2}}]},"2":{"line":29,"type":"if","locations":[{"start":{"line":29,"column":2},"end":{"line":29,"column":2}},{"start":{"line":29,"column":2},"end":{"line":29,"column":2}}]},"3":{"line":45,"type":"if","locations":[{"start":{"line":45,"column":2},"end":{"line":45,"column":2}},{"start":{"line":45,"column":2},"end":{"line":45,"column":2}}]},"4":{"line":49,"type":"if","locations":[{"start":{"line":49,"column":2},"end":{"line":49,"column":2}},{"start":{"line":49,"column":2},"end":{"line":49,"column":2}}]},"5":{"line":64,"type":"if","locations":[{"start":{"line":64,"column":2},"end":{"line":64,"column":2}},{"start":{"line":64,"column":2},"end":{"line":64,"column":2}}]}},"code":["'use strict';","var shell = require('shelljs');","var githubUsername = require('github-username');","","var nameCache = {};","var emailCache = {};","","/**"," * @mixin"," * @alias actions/user"," */","var user = module.exports;","","user.git = {};","user.github = {};","","/**"," * Retrieves user's name from Git in the global scope or the project scope"," * (it'll take what Git will use in the current context)"," */","","user.git.name = function () {","  var name = nameCache[process.cwd()];","","  if (name) {","    return name;","  }","","  if (shell.which('git')) {","    name = shell.exec('git config --get user.name', {silent: true}).stdout.trim();","    nameCache[process.cwd()] = name;","  }","","  return name;","};","","/**"," * Retrieves user's email from Git in the global scope or the project scope"," * (it'll take what Git will use in the current context)"," */","","user.git.email = function () {","  var email = emailCache[process.cwd()];","","  if (email) {","    return email;","  }","","  if (shell.which('git')) {","    email = shell.exec('git config --get user.email', {silent: true}).stdout.trim();","    emailCache[process.cwd()] = email;","  }","","  return email;","};","","/**"," * Retrieves GitHub's username from the GitHub API."," */","","user.github.username = function (cb) {","  var promise = githubUsername(user.git.email());","","  if (cb) {","    promise.then(","      val => cb(null, val),","      err => cb(err)","    );","  }","","  return promise;","};",""],"l":{"2":1,"3":1,"5":1,"6":1,"12":1,"14":1,"15":1,"22":1,"23":0,"25":0,"26":0,"29":0,"30":0,"31":0,"34":0,"42":1,"43":0,"45":0,"46":0,"49":0,"50":0,"51":0,"54":0,"61":1,"62":0,"64":0,"65":0,"66":0,"67":0,"71":0}}}